#
# There is insufficient memory for the Java Runtime Environment to continue.
# Native memory allocation (malloc) failed to allocate 32784 bytes for Chunk::new
# Possible reasons:
#   The system is out of physical RAM or swap space
#   The process is running with CompressedOops enabled, and the Java Heap may be blocking the growth of the native heap
# Possible solutions:
#   Reduce memory load on the system
#   Increase physical memory or swap space
#   Check if swap backing store is full
#   Decrease Java heap size (-Xmx/-Xms)
#   Decrease number of Java threads
#   Decrease Java thread stack sizes (-Xss)
#   Set larger code cache with -XX:ReservedCodeCacheSize=
#   JVM is running with Unscaled Compressed Oops mode in which the Java heap is
#     placed in the first 4GB address space. The Java Heap base address is the
#     maximum limit for the native heap growth. Please use -XX:HeapBaseMinAddress
#     to set the Java Heap base and to place the Java Heap above 4GB virtual address.
# This output file may be truncated or incomplete.
#
#  Out of Memory Error (./src/hotspot/share/memory/arena.cpp:197), pid=1312, tid=14708
#
# JRE version: OpenJDK Runtime Environment (11.0.10) (build 11.0.10+0-b96-7249189)
# Java VM: OpenJDK 64-Bit Server VM (11.0.10+0-b96-7249189, mixed mode, tiered, compressed oops, g1 gc, windows-amd64)
# No core dump will be written. Minidumps are not enabled by default on client versions of Windows
#

---------------  S U M M A R Y ------------

Command Line: --add-opens=java.base/java.util=ALL-UNNAMED --add-opens=java.base/java.lang=ALL-UNNAMED --add-opens=java.base/java.lang.invoke=ALL-UNNAMED --add-opens=java.base/java.util=ALL-UNNAMED --add-opens=java.prefs/java.util.prefs=ALL-UNNAMED --add-opens=java.prefs/java.util.prefs=ALL-UNNAMED --add-opens=java.base/java.nio.charset=ALL-UNNAMED --add-opens=java.base/java.net=ALL-UNNAMED --add-opens=java.base/java.util.concurrent.atomic=ALL-UNNAMED -Xmx2048m -Dfile.encoding=UTF-8 -Duser.country=TR -Duser.language=tr -Duser.variant org.gradle.launcher.daemon.bootstrap.GradleDaemon 7.0.2

Host: Intel(R) Core(TM) i7-6700HQ CPU @ 2.60GHz, 8 cores, 15G,  Windows 10 , 64 bit Build 19041 (10.0.19041.1348)
Time: Sun Dec  5 11:31:54 2021 Rusya TZ 2 Standart Saati elapsed time: 1363.605240 seconds (0d 0h 22m 43s)

---------------  T H R E A D  ---------------

Current thread (0x000002c3572d9800):  JavaThread "C2 CompilerThread1" daemon [_thread_in_native, id=14708, stack(0x000000ded2400000,0x000000ded2500000)]


Current CompileTask:
C2:1363605 21602 %     4       com.android.tools.r8.internal.U6::a @ 2410 (6044 bytes)

Stack: [0x000000ded2400000,0x000000ded2500000]
Native frames: (J=compiled Java code, j=interpreted, Vv=VM code, C=native code)
V  [jvm.dll+0x5ecfaa]
V  [jvm.dll+0x722bd5]
V  [jvm.dll+0x72412d]
V  [jvm.dll+0x7247e3]
V  [jvm.dll+0x242928]
V  [jvm.dll+0xbc4fc]
V  [jvm.dll+0xbca0c]
V  [jvm.dll+0x4f4e34]
V  [jvm.dll+0x4f74ce]
V  [jvm.dll+0x4f586e]
V  [jvm.dll+0x4f607f]
V  [jvm.dll+0x4f566f]
V  [jvm.dll+0x4f5636]
V  [jvm.dll+0x4f5636]
V  [jvm.dll+0x4f5683]
V  [jvm.dll+0x4f5683]
V  [jvm.dll+0x4f5683]
V  [jvm.dll+0x506586]
V  [jvm.dll+0x1fccf6]
V  [jvm.dll+0x1fa77f]
V  [jvm.dll+0x18354c]
V  [jvm.dll+0x208ee7]
V  [jvm.dll+0x207731]
V  [jvm.dll+0x6eb1cf]
V  [jvm.dll+0x6e3d45]
V  [jvm.dll+0x5ebe96]
C  [ucrtbase.dll+0x21bb2]
C  [KERNEL32.DLL+0x17034]
C  [ntdll.dll+0x52651]


---------------  P R O C E S S  ---------------

Threads class SMR info:
_java_thread_list=0x000002c35ec9a450, length=64, elements={
0x000002c33687a000, 0x000002c3536b1800, 0x000002c3536b3000, 0x000002c3536d5800,
0x000002c3536d6800, 0x000002c3536d8000, 0x000002c3536db000, 0x000002c35372d800,
0x000002c353734800, 0x000002c35388b800, 0x000002c35529c000, 0x000002c353943000,
0x000002c355d14000, 0x000002c3555e5000, 0x000002c3555e3800, 0x000002c3555e8800,
0x000002c3555e7800, 0x000002c3555e6000, 0x000002c3555e9000, 0x000002c3555e4000,
0x000002c356fdd800, 0x000002c356fde800, 0x000002c356fdf800, 0x000002c356fdb800,
0x000002c356fe2000, 0x000002c356fdc000, 0x000002c356fdd000, 0x000002c356fe7800,
0x000002c355104800, 0x000002c359562800, 0x000002c359563800, 0x000002c359566000,
0x000002c359564000, 0x000002c359566800, 0x000002c359561000, 0x000002c359567800,
0x000002c3550fd000, 0x000002c3550fe000, 0x000002c3550fe800, 0x000002c355102000,
0x000002c355103800, 0x000002c3550ff800, 0x000002c355108800, 0x000002c355103000,
0x000002c35510b800, 0x000002c355109800, 0x000002c35510a000, 0x000002c356fe0000,
0x000002c356fe1000, 0x000002c356fe2800, 0x000002c356fe3800, 0x000002c356fea000,
0x000002c356fe4800, 0x000002c3555e2800, 0x000002c3572da000, 0x000002c3572dc800,
0x000002c3572db000, 0x000002c3572db800, 0x000002c3572dd800, 0x000002c3572e4000,
0x000002c3572d8800, 0x000002c3572df000, 0x000002c3572d9800, 0x000002c3572e3000
}

Java Threads: ( => current thread )
  0x000002c33687a000 JavaThread "main" [_thread_blocked, id=14588, stack(0x000000ded0600000,0x000000ded0700000)]
  0x000002c3536b1800 JavaThread "Reference Handler" daemon [_thread_blocked, id=19212, stack(0x000000ded0d00000,0x000000ded0e00000)]
  0x000002c3536b3000 JavaThread "Finalizer" daemon [_thread_blocked, id=8496, stack(0x000000ded0e00000,0x000000ded0f00000)]
  0x000002c3536d5800 JavaThread "Signal Dispatcher" daemon [_thread_blocked, id=17484, stack(0x000000ded0f00000,0x000000ded1000000)]
  0x000002c3536d6800 JavaThread "Attach Listener" daemon [_thread_blocked, id=3948, stack(0x000000ded1000000,0x000000ded1100000)]
  0x000002c3536d8000 JavaThread "Service Thread" daemon [_thread_blocked, id=20368, stack(0x000000ded1100000,0x000000ded1200000)]
  0x000002c3536db000 JavaThread "C2 CompilerThread0" daemon [_thread_in_native, id=17092, stack(0x000000ded1200000,0x000000ded1300000)]
  0x000002c35372d800 JavaThread "C1 CompilerThread0" daemon [_thread_in_native, id=9424, stack(0x000000ded1300000,0x000000ded1400000)]
  0x000002c353734800 JavaThread "Sweeper thread" daemon [_thread_blocked, id=15160, stack(0x000000ded1400000,0x000000ded1500000)]
  0x000002c35388b800 JavaThread "Common-Cleaner" daemon [_thread_blocked, id=20128, stack(0x000000ded1500000,0x000000ded1600000)]
  0x000002c35529c000 JavaThread "Daemon health stats" [_thread_blocked, id=5984, stack(0x000000ded1e00000,0x000000ded1f00000)]
  0x000002c353943000 JavaThread "Incoming local TCP Connector on port 3655" [_thread_in_native, id=12640, stack(0x000000ded1700000,0x000000ded1800000)]
  0x000002c355d14000 JavaThread "Daemon periodic checks" [_thread_blocked, id=13828, stack(0x000000ded1d00000,0x000000ded1e00000)]
  0x000002c3555e5000 JavaThread "Cache worker for file hash cache (C:\Users\User\.gradle\caches\7.0.2\fileHashes)" [_thread_blocked, id=13880, stack(0x000000ded2600000,0x000000ded2700000)]
  0x000002c3555e3800 JavaThread "File lock request listener" [_thread_in_native, id=15312, stack(0x000000ded2700000,0x000000ded2800000)]
  0x000002c3555e8800 JavaThread "Cache worker for journal cache (C:\Users\User\.gradle\caches\journal-1)" [_thread_blocked, id=4156, stack(0x000000ded2b00000,0x000000ded2c00000)]
  0x000002c3555e7800 JavaThread "File watcher server" daemon [_thread_in_native, id=8916, stack(0x000000ded2e00000,0x000000ded2f00000)]
  0x000002c3555e6000 JavaThread "File watcher consumer" daemon [_thread_blocked, id=6740, stack(0x000000ded2f00000,0x000000ded3000000)]
  0x000002c3555e9000 JavaThread "jar transforms" [_thread_blocked, id=17936, stack(0x000000ded3000000,0x000000ded3100000)]
  0x000002c3555e4000 JavaThread "jar transforms Thread 2" [_thread_blocked, id=8956, stack(0x000000ded3100000,0x000000ded3200000)]
  0x000002c356fdd800 JavaThread "jar transforms Thread 3" [_thread_blocked, id=15996, stack(0x000000ded3200000,0x000000ded3300000)]
  0x000002c356fde800 JavaThread "jar transforms Thread 4" [_thread_blocked, id=10324, stack(0x000000ded3300000,0x000000ded3400000)]
  0x000002c356fdf800 JavaThread "jar transforms Thread 5" [_thread_blocked, id=11764, stack(0x000000ded3400000,0x000000ded3500000)]
  0x000002c356fdb800 JavaThread "jar transforms Thread 6" [_thread_blocked, id=15704, stack(0x000000ded3500000,0x000000ded3600000)]
  0x000002c356fe2000 JavaThread "jar transforms Thread 7" [_thread_blocked, id=8644, stack(0x000000ded3600000,0x000000ded3700000)]
  0x000002c356fdc000 JavaThread "jar transforms Thread 8" [_thread_blocked, id=18360, stack(0x000000ded3700000,0x000000ded3800000)]
  0x000002c356fdd000 JavaThread "Cache worker for execution history cache (C:\Users\User\.gradle\caches\7.0.2\executionHistory)" [_thread_blocked, id=14432, stack(0x000000ded3c00000,0x000000ded3d00000)]
  0x000002c356fe7800 JavaThread "Cache worker for file content cache (C:\Users\User\.gradle\caches\7.0.2\fileContent)" [_thread_blocked, id=1624, stack(0x000000ded3d00000,0x000000ded3e00000)]
  0x000002c355104800 JavaThread "Memory manager" [_thread_blocked, id=11404, stack(0x000000ded4800000,0x000000ded4900000)]
  0x000002c359562800 JavaThread "Daemon Thread 2" [_thread_blocked, id=11680, stack(0x000000ded0300000,0x000000ded0400000)]
  0x000002c359563800 JavaThread "Handler for socket connection from /127.0.0.1:3655 to /127.0.0.1:3896" [_thread_in_native, id=11584, stack(0x000000ded0400000,0x000000ded0500000)]
  0x000002c359566000 JavaThread "Cancel handler" [_thread_blocked, id=15924, stack(0x000000ded0500000,0x000000ded0600000)]
  0x000002c359564000 JavaThread "Daemon worker Thread 2" [_thread_blocked, id=14996, stack(0x000000ded1f00000,0x000000ded2000000)]
  0x000002c359566800 JavaThread "Asynchronous log dispatcher for DefaultDaemonConnection: socket connection from /127.0.0.1:3655 to /127.0.0.1:3896" [_thread_blocked, id=16716, stack(0x000000ded2000000,0x000000ded2100000)]
  0x000002c359561000 JavaThread "Stdin handler" [_thread_blocked, id=16592, stack(0x000000ded2100000,0x000000ded2200000)]
  0x000002c359567800 JavaThread "Daemon client event forwarder" [_thread_blocked, id=14560, stack(0x000000ded2200000,0x000000ded2300000)]
  0x000002c3550fd000 JavaThread "Cache worker for file hash cache (C:\Users\User\AndroidStudioProjects\VeriPark\.gradle\7.0.2\fileHashes)" [_thread_blocked, id=18976, stack(0x000000ded2300000,0x000000ded2400000)]
  0x000002c3550fe000 JavaThread "Cache worker for checksums cache (C:\Users\User\AndroidStudioProjects\VeriPark\.gradle\checksums)" [_thread_blocked, id=5904, stack(0x000000ded2500000,0x000000ded2600000)]
  0x000002c3550fe800 JavaThread "Cache worker for cache directory md-supplier (C:\Users\User\.gradle\caches\7.0.2\md-supplier)" [_thread_blocked, id=11792, stack(0x000000ded2c00000,0x000000ded2d00000)]
  0x000002c355102000 JavaThread "Cache worker for cache directory md-rule (C:\Users\User\.gradle\caches\7.0.2\md-rule)" [_thread_blocked, id=11152, stack(0x000000ded2d00000,0x000000ded2e00000)]
  0x000002c355103800 JavaThread "Cache worker for dependencies-accessors (C:\Users\User\AndroidStudioProjects\VeriPark\.gradle\7.0.2\dependencies-accessors)" [_thread_blocked, id=11824, stack(0x000000ded3800000,0x000000ded3900000)]
  0x000002c3550ff800 JavaThread "Cache worker for Build Output Cleanup Cache (C:\Users\User\AndroidStudioProjects\VeriPark\.gradle\buildOutputCleanup)" [_thread_blocked, id=2064, stack(0x000000ded3900000,0x000000ded3a00000)]
  0x000002c355108800 JavaThread "Build operations" [_thread_in_vm, id=8868, stack(0x000000ded3b00000,0x000000ded3c00000)]
  0x000002c355103000 JavaThread "Build operations Thread 2" [_thread_in_Java, id=13460, stack(0x000000ded3e00000,0x000000ded3f00000)]
  0x000002c35510b800 JavaThread "Build operations Thread 3" [_thread_in_Java, id=12980, stack(0x000000ded3f00000,0x000000ded4000000)]
  0x000002c355109800 JavaThread "Build operations Thread 4" [_thread_in_Java, id=11572, stack(0x000000ded4000000,0x000000ded4100000)]
  0x000002c35510a000 JavaThread "Build operations Thread 5" [_thread_in_Java, id=11056, stack(0x000000ded4100000,0x000000ded4200000)]
  0x000002c356fe0000 JavaThread "Build operations Thread 6" [_thread_in_vm, id=14172, stack(0x000000ded4200000,0x000000ded4300000)]
  0x000002c356fe1000 JavaThread "Build operations Thread 7" [_thread_in_Java, id=12308, stack(0x000000ded4300000,0x000000ded4400000)]
  0x000002c356fe2800 JavaThread "Build operations Thread 8" [_thread_in_Java, id=15476, stack(0x000000ded4400000,0x000000ded4500000)]
  0x000002c356fe3800 JavaThread "build event listener" [_thread_blocked, id=16012, stack(0x000000ded4500000,0x000000ded4600000)]
  0x000002c356fea000 JavaThread "Execution worker for ':'" [_thread_blocked, id=15776, stack(0x000000ded4600000,0x000000ded4700000)]
  0x000002c356fe4800 JavaThread "Execution worker for ':' Thread 2" [_thread_blocked, id=2816, stack(0x000000ded4700000,0x000000ded4800000)]
  0x000002c3555e2800 JavaThread "Execution worker for ':' Thread 3" [_thread_blocked, id=10816, stack(0x000000ded4900000,0x000000ded4a00000)]
  0x000002c3572da000 JavaThread "Execution worker for ':' Thread 4" [_thread_blocked, id=8712, stack(0x000000ded4a00000,0x000000ded4b00000)]
  0x000002c3572dc800 JavaThread "Execution worker for ':' Thread 5" [_thread_blocked, id=17848, stack(0x000000ded4b00000,0x000000ded4c00000)]
  0x000002c3572db000 JavaThread "Execution worker for ':' Thread 6" [_thread_blocked, id=8944, stack(0x000000ded4c00000,0x000000ded4d00000)]
  0x000002c3572db800 JavaThread "Execution worker for ':' Thread 7" [_thread_blocked, id=5392, stack(0x000000ded4d00000,0x000000ded4e00000)]
  0x000002c3572dd800 JavaThread "Cache worker for execution history cache (C:\Users\User\AndroidStudioProjects\VeriPark\.gradle\7.0.2\executionHistory)" [_thread_blocked, id=16516, stack(0x000000ded4e00000,0x000000ded4f00000)]
  0x000002c3572e4000 JavaThread "WorkerExecutor Queue Thread 4" [_thread_blocked, id=8804, stack(0x000000ded5200000,0x000000ded5300000)]
  0x000002c3572d8800 JavaThread "WorkerExecutor Queue Thread 9" [_thread_blocked, id=19288, stack(0x000000ded3a00000,0x000000ded3b00000)]
  0x000002c3572df000 JavaThread "WorkerExecutor Queue Thread 10" [_thread_blocked, id=9992, stack(0x000000ded4f00000,0x000000ded5000000)]
=>0x000002c3572d9800 JavaThread "C2 CompilerThread1" daemon [_thread_in_native, id=14708, stack(0x000000ded2400000,0x000000ded2500000)]
  0x000002c3572e3000 JavaThread "C2 CompilerThread2" daemon [_thread_in_native, id=11752, stack(0x000000ded5000000,0x000000ded5100000)]

Other Threads:
  0x000002c3536ad800 VMThread "VM Thread" [stack: 0x000000ded0c00000,0x000000ded0d00000] [id=17684]
  0x000002c3538bc800 WatcherThread [stack: 0x000000ded1600000,0x000000ded1700000] [id=17708]
  0x000002c336a46800 GCTaskThread "GC Thread#0" [stack: 0x000000ded0700000,0x000000ded0800000] [id=17336]
  0x000002c354031800 GCTaskThread "GC Thread#1" [stack: 0x000000ded1800000,0x000000ded1900000] [id=14876]
  0x000002c353d11800 GCTaskThread "GC Thread#2" [stack: 0x000000ded1900000,0x000000ded1a00000] [id=11956]
  0x000002c3546da000 GCTaskThread "GC Thread#3" [stack: 0x000000ded1a00000,0x000000ded1b00000] [id=9876]
  0x000002c3546da800 GCTaskThread "GC Thread#4" [stack: 0x000000ded1b00000,0x000000ded1c00000] [id=15916]
  0x000002c3544a9800 GCTaskThread "GC Thread#5" [stack: 0x000000ded1c00000,0x000000ded1d00000] [id=14500]
  0x000002c3552e0000 GCTaskThread "GC Thread#6" [stack: 0x000000ded2800000,0x000000ded2900000] [id=17272]
  0x000002c35592a000 GCTaskThread "GC Thread#7" [stack: 0x000000ded2900000,0x000000ded2a00000] [id=2256]
  0x000002c336a76800 ConcurrentGCThread "G1 Main Marker" [stack: 0x000000ded0800000,0x000000ded0900000] [id=17200]
  0x000002c336a78000 ConcurrentGCThread "G1 Conc#0" [stack: 0x000000ded0900000,0x000000ded0a00000] [id=18936]
  0x000002c355692000 ConcurrentGCThread "G1 Conc#1" [stack: 0x000000ded2a00000,0x000000ded2b00000] [id=10848]
  0x000002c336b0e800 ConcurrentGCThread "G1 Refine#0" [stack: 0x000000ded0a00000,0x000000ded0b00000] [id=1552]
  0x000002c352cfa800 ConcurrentGCThread "G1 Young RemSet Sampling" [stack: 0x000000ded0b00000,0x000000ded0c00000] [id=2384]

Threads with active compile tasks:
C2 CompilerThread01363752 21412       4       com.android.tools.r8.internal.SF::a (98 bytes)
C1 CompilerThread01363752 22067 %     3       com.android.tools.r8.internal.oh::d @ 5 (46 bytes)
C2 CompilerThread11363752 21602 %     4       com.android.tools.r8.internal.U6::a @ 2410 (6044 bytes)
C2 CompilerThread21363752 21683 %     4       com.android.tools.r8.internal.U6::a @ 3066 (4191 bytes)

VM state:not at safepoint (normal execution)

VM Mutex/Monitor currently owned by a thread: None

OutOfMemory and StackOverflow Exception counts:
OutOfMemoryError java_heap_errors=1
LinkageErrors=250

Heap address: 0x0000000080000000, size: 2048 MB, Compressed Oops mode: 32-bit
Narrow klass base: 0x0000000000000000, Narrow klass shift: 3
Compressed class space size: 1073741824 Address: 0x0000000100000000

Heap:
 garbage-first heap   total 315392K, used 229276K [0x0000000080000000, 0x0000000100000000)
  region size 1024K, 49 young (50176K), 6 survivors (6144K)
 Metaspace       used 132212K, capacity 136243K, committed 136448K, reserved 1171456K
  class space    used 16646K, capacity 18132K, committed 18176K, reserved 1048576K
Heap Regions: E=young(eden), S=young(survivor), O=old, HS=humongous(starts), HC=humongous(continues), CS=collection set, F=free, A=archive, TAMS=top-at-mark-start (previous, next)
|   0|0x0000000080000000, 0x0000000080100000, 0x0000000080100000|100%|HS|  |TAMS 0x0000000080100000, 0x0000000080000000| Complete 
|   1|0x0000000080100000, 0x0000000080200000, 0x0000000080200000|100%|HC|  |TAMS 0x0000000080200000, 0x0000000080100000| Complete 
|   2|0x0000000080200000, 0x0000000080300000, 0x0000000080300000|100%| O|  |TAMS 0x0000000080300000, 0x0000000080200000| Untracked 
|   3|0x0000000080300000, 0x0000000080400000, 0x0000000080400000|100%|HS|  |TAMS 0x0000000080400000, 0x0000000080300000| Complete 
|   4|0x0000000080400000, 0x0000000080500000, 0x0000000080500000|100%|HC|  |TAMS 0x0000000080500000, 0x0000000080400000| Complete 
|   5|0x0000000080500000, 0x0000000080600000, 0x0000000080600000|100%|HC|  |TAMS 0x0000000080600000, 0x0000000080500000| Complete 
|   6|0x0000000080600000, 0x0000000080700000, 0x0000000080700000|100%| O|  |TAMS 0x0000000080700000, 0x0000000080600000| Untracked 
|   7|0x0000000080700000, 0x0000000080800000, 0x0000000080800000|100%| O|  |TAMS 0x0000000080800000, 0x0000000080700000| Untracked 
|   8|0x0000000080800000, 0x0000000080900000, 0x0000000080900000|100%| O|  |TAMS 0x0000000080900000, 0x0000000080800000| Untracked 
|   9|0x0000000080900000, 0x0000000080a00000, 0x0000000080a00000|100%| O|  |TAMS 0x0000000080a00000, 0x0000000080900000| Untracked 
|  10|0x0000000080a00000, 0x0000000080b00000, 0x0000000080b00000|100%|HS|  |TAMS 0x0000000080b00000, 0x0000000080a00000| Complete 
|  11|0x0000000080b00000, 0x0000000080c00000, 0x0000000080c00000|100%|HC|  |TAMS 0x0000000080c00000, 0x0000000080b00000| Complete 
|  12|0x0000000080c00000, 0x0000000080d00000, 0x0000000080d00000|100%|HC|  |TAMS 0x0000000080d00000, 0x0000000080c00000| Complete 
|  13|0x0000000080d00000, 0x0000000080e00000, 0x0000000080e00000|100%|HS|  |TAMS 0x0000000080e00000, 0x0000000080d00000| Complete 
|  14|0x0000000080e00000, 0x0000000080f00000, 0x0000000080f00000|100%|HC|  |TAMS 0x0000000080f00000, 0x0000000080e00000| Complete 
|  15|0x0000000080f00000, 0x0000000081000000, 0x0000000081000000|100%|HC|  |TAMS 0x0000000081000000, 0x0000000080f00000| Complete 
|  16|0x0000000081000000, 0x0000000081100000, 0x0000000081100000|100%|HC|  |TAMS 0x0000000081100000, 0x0000000081000000| Complete 
|  17|0x0000000081100000, 0x0000000081200000, 0x0000000081200000|100%|HC|  |TAMS 0x0000000081200000, 0x0000000081100000| Complete 
|  18|0x0000000081200000, 0x0000000081300000, 0x0000000081300000|100%| O|  |TAMS 0x0000000081300000, 0x0000000081200000| Untracked 
|  19|0x0000000081300000, 0x0000000081400000, 0x0000000081400000|100%| O|  |TAMS 0x0000000081400000, 0x0000000081300000| Untracked 
|  20|0x0000000081400000, 0x0000000081500000, 0x0000000081500000|100%| O|  |TAMS 0x0000000081500000, 0x0000000081400000| Untracked 
|  21|0x0000000081500000, 0x0000000081600000, 0x0000000081600000|100%| O|  |TAMS 0x0000000081600000, 0x0000000081500000| Untracked 
|  22|0x0000000081600000, 0x0000000081700000, 0x0000000081700000|100%| O|  |TAMS 0x0000000081700000, 0x0000000081600000| Untracked 
|  23|0x0000000081700000, 0x0000000081800000, 0x0000000081800000|100%| O|  |TAMS 0x0000000081800000, 0x0000000081700000| Untracked 
|  24|0x0000000081800000, 0x0000000081900000, 0x0000000081900000|100%| O|  |TAMS 0x0000000081900000, 0x0000000081800000| Untracked 
|  25|0x0000000081900000, 0x0000000081a00000, 0x0000000081a00000|100%| O|  |TAMS 0x0000000081a00000, 0x0000000081900000| Untracked 
|  26|0x0000000081a00000, 0x0000000081b00000, 0x0000000081b00000|100%|HS|  |TAMS 0x0000000081b00000, 0x0000000081a00000| Complete 
|  27|0x0000000081b00000, 0x0000000081c00000, 0x0000000081c00000|100%|HC|  |TAMS 0x0000000081c00000, 0x0000000081b00000| Complete 
|  28|0x0000000081c00000, 0x0000000081d00000, 0x0000000081d00000|100%|HC|  |TAMS 0x0000000081d00000, 0x0000000081c00000| Complete 
|  29|0x0000000081d00000, 0x0000000081e00000, 0x0000000081e00000|100%|HS|  |TAMS 0x0000000081e00000, 0x0000000081d00000| Complete 
|  30|0x0000000081e00000, 0x0000000081f00000, 0x0000000081f00000|100%|HC|  |TAMS 0x0000000081f00000, 0x0000000081e00000| Complete 
|  31|0x0000000081f00000, 0x0000000082000000, 0x0000000082000000|100%|HC|  |TAMS 0x0000000082000000, 0x0000000081f00000| Complete 
|  32|0x0000000082000000, 0x0000000082100000, 0x0000000082100000|100%|HC|  |TAMS 0x0000000082100000, 0x0000000082000000| Complete 
|  33|0x0000000082100000, 0x0000000082200000, 0x0000000082200000|100%|HC|  |TAMS 0x0000000082200000, 0x0000000082100000| Complete 
|  34|0x0000000082200000, 0x0000000082300000, 0x0000000082300000|100%| O|  |TAMS 0x0000000082300000, 0x0000000082200000| Untracked 
|  35|0x0000000082300000, 0x0000000082400000, 0x0000000082400000|100%| O|  |TAMS 0x0000000082400000, 0x0000000082300000| Untracked 
|  36|0x0000000082400000, 0x0000000082500000, 0x0000000082500000|100%| O|  |TAMS 0x0000000082500000, 0x0000000082400000| Untracked 
|  37|0x0000000082500000, 0x0000000082600000, 0x0000000082600000|100%| O|  |TAMS 0x0000000082600000, 0x0000000082500000| Untracked 
|  38|0x0000000082600000, 0x0000000082700000, 0x0000000082700000|100%| O|  |TAMS 0x0000000082700000, 0x0000000082600000| Untracked 
|  39|0x0000000082700000, 0x0000000082800000, 0x0000000082800000|100%| O|  |TAMS 0x0000000082800000, 0x0000000082700000| Untracked 
|  40|0x0000000082800000, 0x0000000082900000, 0x0000000082900000|100%| O|  |TAMS 0x0000000082900000, 0x0000000082800000| Untracked 
|  41|0x0000000082900000, 0x0000000082a00000, 0x0000000082a00000|100%| O|  |TAMS 0x0000000082a00000, 0x0000000082900000| Untracked 
|  42|0x0000000082a00000, 0x0000000082b00000, 0x0000000082b00000|100%|HS|  |TAMS 0x0000000082b00000, 0x0000000082a00000| Complete 
|  43|0x0000000082b00000, 0x0000000082c00000, 0x0000000082c00000|100%| O|  |TAMS 0x0000000082c00000, 0x0000000082b00000| Untracked 
|  44|0x0000000082c00000, 0x0000000082d00000, 0x0000000082d00000|100%| O|  |TAMS 0x0000000082d00000, 0x0000000082c00000| Untracked 
|  45|0x0000000082d00000, 0x0000000082e00000, 0x0000000082e00000|100%| O|  |TAMS 0x0000000082e00000, 0x0000000082d00000| Untracked 
|  46|0x0000000082e00000, 0x0000000082f00000, 0x0000000082f00000|100%| O|  |TAMS 0x0000000082f00000, 0x0000000082e00000| Untracked 
|  47|0x0000000082f00000, 0x0000000083000000, 0x0000000083000000|100%| O|  |TAMS 0x0000000083000000, 0x0000000082f00000| Untracked 
|  48|0x0000000083000000, 0x0000000083100000, 0x0000000083100000|100%| O|  |TAMS 0x0000000083100000, 0x0000000083000000| Untracked 
|  49|0x0000000083100000, 0x0000000083200000, 0x0000000083200000|100%|HS|  |TAMS 0x0000000083200000, 0x0000000083100000| Complete 
|  50|0x0000000083200000, 0x0000000083300000, 0x0000000083300000|100%|HS|  |TAMS 0x0000000083300000, 0x0000000083200000| Complete 
|  51|0x0000000083300000, 0x0000000083400000, 0x0000000083400000|100%|HC|  |TAMS 0x0000000083400000, 0x0000000083300000| Complete 
|  52|0x0000000083400000, 0x0000000083500000, 0x0000000083500000|100%| O|  |TAMS 0x0000000083500000, 0x0000000083400000| Untracked 
|  53|0x0000000083500000, 0x0000000083600000, 0x0000000083600000|100%| O|  |TAMS 0x0000000083600000, 0x0000000083500000| Untracked 
|  54|0x0000000083600000, 0x0000000083700000, 0x0000000083700000|100%| O|  |TAMS 0x0000000083700000, 0x0000000083600000| Untracked 
|  55|0x0000000083700000, 0x0000000083800000, 0x0000000083800000|100%| O|  |TAMS 0x0000000083800000, 0x0000000083700000| Untracked 
|  56|0x0000000083800000, 0x0000000083900000, 0x0000000083900000|100%| O|  |TAMS 0x0000000083900000, 0x0000000083800000| Untracked 
|  57|0x0000000083900000, 0x0000000083a00000, 0x0000000083a00000|100%| O|  |TAMS 0x0000000083a00000, 0x0000000083900000| Untracked 
|  58|0x0000000083a00000, 0x0000000083b00000, 0x0000000083b00000|100%| O|  |TAMS 0x0000000083b00000, 0x0000000083a00000| Untracked 
|  59|0x0000000083b00000, 0x0000000083c00000, 0x0000000083c00000|100%| O|  |TAMS 0x0000000083c00000, 0x0000000083b00000| Untracked 
|  60|0x0000000083c00000, 0x0000000083d00000, 0x0000000083d00000|100%| O|  |TAMS 0x0000000083d00000, 0x0000000083c00000| Untracked 
|  61|0x0000000083d00000, 0x0000000083e00000, 0x0000000083e00000|100%| O|  |TAMS 0x0000000083e00000, 0x0000000083d00000| Untracked 
|  62|0x0000000083e00000, 0x0000000083f00000, 0x0000000083f00000|100%| O|  |TAMS 0x0000000083f00000, 0x0000000083e00000| Untracked 
|  63|0x0000000083f00000, 0x0000000084000000, 0x0000000084000000|100%| O|  |TAMS 0x0000000084000000, 0x0000000083f00000| Untracked 
|  64|0x0000000084000000, 0x0000000084100000, 0x0000000084100000|100%| O|  |TAMS 0x0000000084100000, 0x0000000084000000| Untracked 
|  65|0x0000000084100000, 0x0000000084200000, 0x0000000084200000|100%| O|  |TAMS 0x0000000084200000, 0x0000000084100000| Untracked 
|  66|0x0000000084200000, 0x0000000084300000, 0x0000000084300000|100%| O|  |TAMS 0x0000000084300000, 0x0000000084200000| Untracked 
|  67|0x0000000084300000, 0x0000000084400000, 0x0000000084400000|100%| O|  |TAMS 0x0000000084400000, 0x0000000084300000| Untracked 
|  68|0x0000000084400000, 0x0000000084500000, 0x0000000084500000|100%| O|  |TAMS 0x0000000084500000, 0x0000000084400000| Untracked 
|  69|0x0000000084500000, 0x0000000084600000, 0x0000000084600000|100%| O|  |TAMS 0x0000000084600000, 0x0000000084500000| Untracked 
|  70|0x0000000084600000, 0x0000000084700000, 0x0000000084700000|100%| O|  |TAMS 0x0000000084700000, 0x0000000084600000| Untracked 
|  71|0x0000000084700000, 0x0000000084800000, 0x0000000084800000|100%| O|  |TAMS 0x0000000084800000, 0x0000000084700000| Untracked 
|  72|0x0000000084800000, 0x0000000084900000, 0x0000000084900000|100%| O|  |TAMS 0x0000000084900000, 0x0000000084800000| Untracked 
|  73|0x0000000084900000, 0x0000000084a00000, 0x0000000084a00000|100%| O|  |TAMS 0x0000000084a00000, 0x0000000084900000| Untracked 
|  74|0x0000000084a00000, 0x0000000084b00000, 0x0000000084b00000|100%| O|  |TAMS 0x0000000084b00000, 0x0000000084a00000| Untracked 
|  75|0x0000000084b00000, 0x0000000084c00000, 0x0000000084c00000|100%| O|  |TAMS 0x0000000084c00000, 0x0000000084b00000| Untracked 
|  76|0x0000000084c00000, 0x0000000084d00000, 0x0000000084d00000|100%| O|  |TAMS 0x0000000084d00000, 0x0000000084c00000| Untracked 
|  77|0x0000000084d00000, 0x0000000084e00000, 0x0000000084e00000|100%| O|  |TAMS 0x0000000084e00000, 0x0000000084d00000| Untracked 
|  78|0x0000000084e00000, 0x0000000084f00000, 0x0000000084f00000|100%| O|  |TAMS 0x0000000084f00000, 0x0000000084e00000| Untracked 
|  79|0x0000000084f00000, 0x0000000085000000, 0x0000000085000000|100%| O|  |TAMS 0x0000000085000000, 0x0000000084f00000| Untracked 
|  80|0x0000000085000000, 0x0000000085100000, 0x0000000085100000|100%| O|  |TAMS 0x0000000085100000, 0x0000000085000000| Untracked 
|  81|0x0000000085100000, 0x0000000085200000, 0x0000000085200000|100%| O|  |TAMS 0x0000000085200000, 0x0000000085100000| Untracked 
|  82|0x0000000085200000, 0x0000000085300000, 0x0000000085300000|100%| O|  |TAMS 0x0000000085300000, 0x0000000085200000| Untracked 
|  83|0x0000000085300000, 0x0000000085400000, 0x0000000085400000|100%| O|  |TAMS 0x0000000085400000, 0x0000000085300000| Untracked 
|  84|0x0000000085400000, 0x0000000085500000, 0x0000000085500000|100%| O|  |TAMS 0x0000000085500000, 0x0000000085400000| Untracked 
|  85|0x0000000085500000, 0x0000000085600000, 0x0000000085600000|100%| O|  |TAMS 0x000000008557fc00, 0x0000000085500000| Untracked 
|  86|0x0000000085600000, 0x0000000085700000, 0x0000000085700000|100%| O|  |TAMS 0x0000000085700000, 0x0000000085600000| Untracked 
|  87|0x0000000085700000, 0x0000000085800000, 0x0000000085800000|100%| O|  |TAMS 0x0000000085800000, 0x0000000085700000| Untracked 
|  88|0x0000000085800000, 0x0000000085900000, 0x0000000085900000|100%| O|  |TAMS 0x0000000085900000, 0x0000000085800000| Untracked 
|  89|0x0000000085900000, 0x0000000085a00000, 0x0000000085a00000|100%| O|  |TAMS 0x0000000085a00000, 0x0000000085900000| Untracked 
|  90|0x0000000085a00000, 0x0000000085b00000, 0x0000000085b00000|100%| O|  |TAMS 0x0000000085b00000, 0x0000000085a00000| Untracked 
|  91|0x0000000085b00000, 0x0000000085c00000, 0x0000000085c00000|100%| O|  |TAMS 0x0000000085c00000, 0x0000000085b00000| Untracked 
|  92|0x0000000085c00000, 0x0000000085d00000, 0x0000000085d00000|100%| O|  |TAMS 0x0000000085d00000, 0x0000000085c00000| Untracked 
|  93|0x0000000085d00000, 0x0000000085e00000, 0x0000000085e00000|100%| O|  |TAMS 0x0000000085e00000, 0x0000000085d00000| Untracked 
|  94|0x0000000085e00000, 0x0000000085f00000, 0x0000000085f00000|100%| O|  |TAMS 0x0000000085f00000, 0x0000000085e00000| Untracked 
|  95|0x0000000085f00000, 0x0000000086000000, 0x0000000086000000|100%| O|  |TAMS 0x0000000086000000, 0x0000000085f00000| Untracked 
|  96|0x0000000086000000, 0x0000000086100000, 0x0000000086100000|100%| O|  |TAMS 0x0000000086100000, 0x0000000086000000| Untracked 
|  97|0x0000000086100000, 0x0000000086200000, 0x0000000086200000|100%| O|  |TAMS 0x0000000086200000, 0x0000000086100000| Untracked 
|  98|0x0000000086200000, 0x0000000086300000, 0x0000000086300000|100%| O|  |TAMS 0x0000000086300000, 0x0000000086200000| Untracked 
|  99|0x0000000086300000, 0x0000000086400000, 0x0000000086400000|100%| O|  |TAMS 0x0000000086400000, 0x0000000086300000| Untracked 
| 100|0x0000000086400000, 0x0000000086500000, 0x0000000086500000|100%| O|  |TAMS 0x0000000086500000, 0x0000000086400000| Untracked 
| 101|0x0000000086500000, 0x0000000086600000, 0x0000000086600000|100%| O|  |TAMS 0x0000000086600000, 0x0000000086500000| Untracked 
| 102|0x0000000086600000, 0x0000000086700000, 0x0000000086700000|100%| O|  |TAMS 0x0000000086700000, 0x0000000086600000| Untracked 
| 103|0x0000000086700000, 0x0000000086800000, 0x0000000086800000|100%| O|  |TAMS 0x0000000086700000, 0x0000000086700000| Untracked 
| 104|0x0000000086800000, 0x0000000086900000, 0x0000000086900000|100%| O|  |TAMS 0x0000000086800000, 0x0000000086800000| Untracked 
| 105|0x0000000086900000, 0x0000000086a00000, 0x0000000086a00000|100%| O|  |TAMS 0x0000000086900000, 0x0000000086900000| Untracked 
| 106|0x0000000086a00000, 0x0000000086b00000, 0x0000000086b00000|100%| O|  |TAMS 0x0000000086a00000, 0x0000000086a00000| Untracked 
| 107|0x0000000086b00000, 0x0000000086c00000, 0x0000000086c00000|100%| O|  |TAMS 0x0000000086b00000, 0x0000000086b00000| Untracked 
| 108|0x0000000086c00000, 0x0000000086d00000, 0x0000000086d00000|100%| O|  |TAMS 0x0000000086c00000, 0x0000000086c00000| Untracked 
| 109|0x0000000086d00000, 0x0000000086e00000, 0x0000000086e00000|100%| O|  |TAMS 0x0000000086d00000, 0x0000000086d00000| Untracked 
| 110|0x0000000086e00000, 0x0000000086f00000, 0x0000000086f00000|100%| O|  |TAMS 0x0000000086f00000, 0x0000000086e00000| Untracked 
| 111|0x0000000086f00000, 0x0000000087000000, 0x0000000087000000|100%| O|  |TAMS 0x0000000086f00000, 0x0000000086f00000| Untracked 
| 112|0x0000000087000000, 0x0000000087100000, 0x0000000087100000|100%|HS|  |TAMS 0x0000000087000000, 0x0000000087000000| Complete 
| 113|0x0000000087100000, 0x0000000087200000, 0x0000000087200000|100%|HC|  |TAMS 0x0000000087100000, 0x0000000087100000| Complete 
| 114|0x0000000087200000, 0x0000000087300000, 0x0000000087300000|100%| O|  |TAMS 0x0000000087200000, 0x0000000087200000| Untracked 
| 115|0x0000000087300000, 0x0000000087400000, 0x0000000087400000|100%| O|  |TAMS 0x0000000087400000, 0x0000000087300000| Untracked 
| 116|0x0000000087400000, 0x0000000087500000, 0x0000000087500000|100%| O|  |TAMS 0x0000000087500000, 0x0000000087400000| Untracked 
| 117|0x0000000087500000, 0x0000000087600000, 0x0000000087600000|100%| O|  |TAMS 0x0000000087600000, 0x0000000087500000| Untracked 
| 118|0x0000000087600000, 0x0000000087700000, 0x0000000087700000|100%| O|  |TAMS 0x0000000087700000, 0x0000000087600000| Untracked 
| 119|0x0000000087700000, 0x0000000087800000, 0x0000000087800000|100%| O|  |TAMS 0x0000000087800000, 0x0000000087700000| Untracked 
| 120|0x0000000087800000, 0x0000000087900000, 0x0000000087900000|100%| O|  |TAMS 0x0000000087800000, 0x0000000087800000| Untracked 
| 121|0x0000000087900000, 0x0000000087a00000, 0x0000000087a00000|100%| O|  |TAMS 0x0000000087900000, 0x0000000087900000| Untracked 
| 122|0x0000000087a00000, 0x0000000087b00000, 0x0000000087b00000|100%| O|  |TAMS 0x0000000087a00000, 0x0000000087a00000| Untracked 
| 123|0x0000000087b00000, 0x0000000087c00000, 0x0000000087c00000|100%| O|  |TAMS 0x0000000087b00000, 0x0000000087b00000| Untracked 
| 124|0x0000000087c00000, 0x0000000087d00000, 0x0000000087d00000|100%| O|  |TAMS 0x0000000087c00000, 0x0000000087c00000| Untracked 
| 125|0x0000000087d00000, 0x0000000087e00000, 0x0000000087e00000|100%| O|  |TAMS 0x0000000087e00000, 0x0000000087d00000| Untracked 
| 126|0x0000000087e00000, 0x0000000087f00000, 0x0000000087f00000|100%| O|  |TAMS 0x0000000087f00000, 0x0000000087e00000| Untracked 
| 127|0x0000000087f00000, 0x0000000088000000, 0x0000000088000000|100%| O|  |TAMS 0x0000000087f00000, 0x0000000087f00000| Untracked 
| 128|0x0000000088000000, 0x0000000088100000, 0x0000000088100000|100%| O|  |TAMS 0x0000000088000000, 0x0000000088000000| Untracked 
| 129|0x0000000088100000, 0x0000000088200000, 0x0000000088200000|100%| O|  |TAMS 0x0000000088200000, 0x0000000088100000| Untracked 
| 130|0x0000000088200000, 0x0000000088300000, 0x0000000088300000|100%| O|  |TAMS 0x0000000088200000, 0x0000000088200000| Untracked 
| 131|0x0000000088300000, 0x0000000088400000, 0x0000000088400000|100%| O|  |TAMS 0x0000000088300000, 0x0000000088300000| Untracked 
| 132|0x0000000088400000, 0x0000000088500000, 0x0000000088500000|100%| O|  |TAMS 0x0000000088400000, 0x0000000088400000| Untracked 
| 133|0x0000000088500000, 0x0000000088600000, 0x0000000088600000|100%| O|  |TAMS 0x0000000088500000, 0x0000000088500000| Untracked 
| 134|0x0000000088600000, 0x0000000088700000, 0x0000000088700000|100%| O|  |TAMS 0x0000000088600000, 0x0000000088600000| Untracked 
| 135|0x0000000088700000, 0x0000000088800000, 0x0000000088800000|100%| O|  |TAMS 0x0000000088700000, 0x0000000088700000| Untracked 
| 136|0x0000000088800000, 0x0000000088900000, 0x0000000088900000|100%| O|  |TAMS 0x0000000088800000, 0x0000000088800000| Untracked 
| 137|0x0000000088900000, 0x0000000088a00000, 0x0000000088a00000|100%| O|  |TAMS 0x0000000088900000, 0x0000000088900000| Untracked 
| 138|0x0000000088a00000, 0x0000000088b00000, 0x0000000088b00000|100%| O|  |TAMS 0x0000000088a00000, 0x0000000088a00000| Untracked 
| 139|0x0000000088b00000, 0x0000000088c00000, 0x0000000088c00000|100%| O|  |TAMS 0x0000000088b00000, 0x0000000088b00000| Untracked 
| 140|0x0000000088c00000, 0x0000000088d00000, 0x0000000088d00000|100%| O|  |TAMS 0x0000000088c00000, 0x0000000088c00000| Untracked 
| 141|0x0000000088d00000, 0x0000000088e00000, 0x0000000088e00000|100%| O|  |TAMS 0x0000000088d00000, 0x0000000088d00000| Untracked 
| 142|0x0000000088e00000, 0x0000000088f00000, 0x0000000088f00000|100%| O|  |TAMS 0x0000000088e00000, 0x0000000088e00000| Untracked 
| 143|0x0000000088f00000, 0x0000000089000000, 0x0000000089000000|100%| O|  |TAMS 0x0000000088f00000, 0x0000000088f00000| Untracked 
| 144|0x0000000089000000, 0x0000000089100000, 0x0000000089100000|100%| O|  |TAMS 0x0000000089000000, 0x0000000089000000| Untracked 
| 145|0x0000000089100000, 0x0000000089200000, 0x0000000089200000|100%| O|  |TAMS 0x0000000089100000, 0x0000000089100000| Untracked 
| 146|0x0000000089200000, 0x0000000089300000, 0x0000000089300000|100%| O|  |TAMS 0x0000000089300000, 0x0000000089200000| Untracked 
| 147|0x0000000089300000, 0x0000000089400000, 0x0000000089400000|100%| O|  |TAMS 0x0000000089300000, 0x0000000089300000| Untracked 
| 148|0x0000000089400000, 0x0000000089500000, 0x0000000089500000|100%| O|  |TAMS 0x0000000089400000, 0x0000000089400000| Untracked 
| 149|0x0000000089500000, 0x0000000089600000, 0x0000000089600000|100%| O|  |TAMS 0x0000000089500000, 0x0000000089500000| Untracked 
| 150|0x0000000089600000, 0x0000000089700000, 0x0000000089700000|100%| O|  |TAMS 0x0000000089600000, 0x0000000089600000| Untracked 
| 151|0x0000000089700000, 0x0000000089800000, 0x0000000089800000|100%| O|  |TAMS 0x0000000089700000, 0x0000000089700000| Untracked 
| 152|0x0000000089800000, 0x0000000089900000, 0x0000000089900000|100%| O|  |TAMS 0x0000000089800000, 0x0000000089800000| Untracked 
| 153|0x0000000089900000, 0x0000000089a00000, 0x0000000089a00000|100%| O|  |TAMS 0x0000000089900000, 0x0000000089900000| Untracked 
| 154|0x0000000089a00000, 0x0000000089b00000, 0x0000000089b00000|100%| O|  |TAMS 0x0000000089a00000, 0x0000000089a00000| Untracked 
| 155|0x0000000089b00000, 0x0000000089c00000, 0x0000000089c00000|100%| O|  |TAMS 0x0000000089b00000, 0x0000000089b00000| Untracked 
| 156|0x0000000089c00000, 0x0000000089d00000, 0x0000000089d00000|100%| O|  |TAMS 0x0000000089c00000, 0x0000000089c00000| Untracked 
| 157|0x0000000089d00000, 0x0000000089e00000, 0x0000000089e00000|100%| O|  |TAMS 0x0000000089d00000, 0x0000000089d00000| Untracked 
| 158|0x0000000089e00000, 0x0000000089f00000, 0x0000000089f00000|100%| O|  |TAMS 0x0000000089e00000, 0x0000000089e00000| Untracked 
| 159|0x0000000089f00000, 0x000000008a000000, 0x000000008a000000|100%| O|  |TAMS 0x0000000089f00000, 0x0000000089f00000| Untracked 
| 160|0x000000008a000000, 0x000000008a100000, 0x000000008a100000|100%| O|  |TAMS 0x000000008a000000, 0x000000008a000000| Untracked 
| 161|0x000000008a100000, 0x000000008a200000, 0x000000008a200000|100%| O|  |TAMS 0x000000008a100000, 0x000000008a100000| Untracked 
| 162|0x000000008a200000, 0x000000008a300000, 0x000000008a300000|100%| O|  |TAMS 0x000000008a200000, 0x000000008a200000| Untracked 
| 163|0x000000008a300000, 0x000000008a400000, 0x000000008a400000|100%| O|  |TAMS 0x000000008a300000, 0x000000008a300000| Untracked 
| 164|0x000000008a400000, 0x000000008a500000, 0x000000008a500000|100%| O|  |TAMS 0x000000008a400000, 0x000000008a400000| Untracked 
| 165|0x000000008a500000, 0x000000008a600000, 0x000000008a600000|100%| O|  |TAMS 0x000000008a500000, 0x000000008a500000| Untracked 
| 166|0x000000008a600000, 0x000000008a700000, 0x000000008a700000|100%| O|  |TAMS 0x000000008a600000, 0x000000008a600000| Untracked 
| 167|0x000000008a700000, 0x000000008a800000, 0x000000008a800000|100%| O|  |TAMS 0x000000008a700000, 0x000000008a700000| Untracked 
| 168|0x000000008a800000, 0x000000008a900000, 0x000000008a900000|100%| O|  |TAMS 0x000000008a800000, 0x000000008a800000| Untracked 
| 169|0x000000008a900000, 0x000000008aa00000, 0x000000008aa00000|100%| O|  |TAMS 0x000000008a900000, 0x000000008a900000| Untracked 
| 170|0x000000008aa00000, 0x000000008ab00000, 0x000000008ab00000|100%| O|  |TAMS 0x000000008aa00000, 0x000000008aa00000| Untracked 
| 171|0x000000008ab00000, 0x000000008ac00000, 0x000000008ac00000|100%| O|  |TAMS 0x000000008ab00000, 0x000000008ab00000| Untracked 
| 172|0x000000008ac00000, 0x000000008ad00000, 0x000000008ad00000|100%| O|  |TAMS 0x000000008ac00000, 0x000000008ac00000| Untracked 
| 173|0x000000008ad00000, 0x000000008ae00000, 0x000000008ae00000|100%| O|  |TAMS 0x000000008ad00000, 0x000000008ad00000| Untracked 
| 174|0x000000008ae00000, 0x000000008af00000, 0x000000008af00000|100%| O|  |TAMS 0x000000008ae00000, 0x000000008ae00000| Untracked 
| 175|0x000000008af00000, 0x000000008afe7200, 0x000000008b000000| 90%| O|  |TAMS 0x000000008af00000, 0x000000008af00000| Untracked 
| 176|0x000000008b000000, 0x000000008b000000, 0x000000008b100000|  0%| F|  |TAMS 0x000000008b000000, 0x000000008b000000| Untracked 
| 177|0x000000008b100000, 0x000000008b100000, 0x000000008b200000|  0%| F|  |TAMS 0x000000008b100000, 0x000000008b100000| Untracked 
| 178|0x000000008b200000, 0x000000008b200000, 0x000000008b300000|  0%| F|  |TAMS 0x000000008b200000, 0x000000008b200000| Untracked 
| 179|0x000000008b300000, 0x000000008b300000, 0x000000008b400000|  0%| F|  |TAMS 0x000000008b300000, 0x000000008b300000| Untracked 
| 180|0x000000008b400000, 0x000000008b400000, 0x000000008b500000|  0%| F|  |TAMS 0x000000008b400000, 0x000000008b400000| Untracked 
| 181|0x000000008b500000, 0x000000008b500000, 0x000000008b600000|  0%| F|  |TAMS 0x000000008b500000, 0x000000008b500000| Untracked 
| 182|0x000000008b600000, 0x000000008b600000, 0x000000008b700000|  0%| F|  |TAMS 0x000000008b600000, 0x000000008b600000| Untracked 
| 183|0x000000008b700000, 0x000000008b700000, 0x000000008b800000|  0%| F|  |TAMS 0x000000008b700000, 0x000000008b700000| Untracked 
| 184|0x000000008b800000, 0x000000008b800000, 0x000000008b900000|  0%| F|  |TAMS 0x000000008b800000, 0x000000008b800000| Untracked 
| 185|0x000000008b900000, 0x000000008b900000, 0x000000008ba00000|  0%| F|  |TAMS 0x000000008b900000, 0x000000008b900000| Untracked 
| 186|0x000000008ba00000, 0x000000008ba00000, 0x000000008bb00000|  0%| F|  |TAMS 0x000000008ba00000, 0x000000008ba00000| Untracked 
| 187|0x000000008bb00000, 0x000000008bb00000, 0x000000008bc00000|  0%| F|  |TAMS 0x000000008bb00000, 0x000000008bb00000| Untracked 
| 188|0x000000008bc00000, 0x000000008bc00000, 0x000000008bd00000|  0%| F|  |TAMS 0x000000008bc00000, 0x000000008bc00000| Untracked 
| 189|0x000000008bd00000, 0x000000008bd00000, 0x000000008be00000|  0%| F|  |TAMS 0x000000008bd00000, 0x000000008bd00000| Untracked 
| 190|0x000000008be00000, 0x000000008be00000, 0x000000008bf00000|  0%| F|  |TAMS 0x000000008be00000, 0x000000008be00000| Untracked 
| 191|0x000000008bf00000, 0x000000008bf00000, 0x000000008c000000|  0%| F|  |TAMS 0x000000008bf00000, 0x000000008bf00000| Untracked 
| 192|0x000000008c000000, 0x000000008c000000, 0x000000008c100000|  0%| F|  |TAMS 0x000000008c000000, 0x000000008c000000| Untracked 
| 193|0x000000008c100000, 0x000000008c100000, 0x000000008c200000|  0%| F|  |TAMS 0x000000008c100000, 0x000000008c100000| Untracked 
| 194|0x000000008c200000, 0x000000008c200000, 0x000000008c300000|  0%| F|  |TAMS 0x000000008c200000, 0x000000008c200000| Untracked 
| 195|0x000000008c300000, 0x000000008c300000, 0x000000008c400000|  0%| F|  |TAMS 0x000000008c300000, 0x000000008c300000| Untracked 
| 196|0x000000008c400000, 0x000000008c400000, 0x000000008c500000|  0%| F|  |TAMS 0x000000008c400000, 0x000000008c400000| Untracked 
| 197|0x000000008c500000, 0x000000008c500000, 0x000000008c600000|  0%| F|  |TAMS 0x000000008c500000, 0x000000008c500000| Untracked 
| 198|0x000000008c600000, 0x000000008c600000, 0x000000008c700000|  0%| F|  |TAMS 0x000000008c600000, 0x000000008c600000| Untracked 
| 199|0x000000008c700000, 0x000000008c700000, 0x000000008c800000|  0%| F|  |TAMS 0x000000008c700000, 0x000000008c700000| Untracked 
| 200|0x000000008c800000, 0x000000008c800000, 0x000000008c900000|  0%| F|  |TAMS 0x000000008c800000, 0x000000008c800000| Untracked 
| 201|0x000000008c900000, 0x000000008c900000, 0x000000008ca00000|  0%| F|  |TAMS 0x000000008c900000, 0x000000008c900000| Untracked 
| 202|0x000000008ca00000, 0x000000008ca00000, 0x000000008cb00000|  0%| F|  |TAMS 0x000000008ca00000, 0x000000008ca00000| Untracked 
| 203|0x000000008cb00000, 0x000000008cb00000, 0x000000008cc00000|  0%| F|  |TAMS 0x000000008cb00000, 0x000000008cb00000| Untracked 
| 204|0x000000008cc00000, 0x000000008cc00000, 0x000000008cd00000|  0%| F|  |TAMS 0x000000008cc00000, 0x000000008cc00000| Untracked 
| 205|0x000000008cd00000, 0x000000008cd00000, 0x000000008ce00000|  0%| F|  |TAMS 0x000000008cd00000, 0x000000008cd00000| Untracked 
| 206|0x000000008ce00000, 0x000000008ce00000, 0x000000008cf00000|  0%| F|  |TAMS 0x000000008ce00000, 0x000000008ce00000| Untracked 
| 207|0x000000008cf00000, 0x000000008cf00000, 0x000000008d000000|  0%| F|  |TAMS 0x000000008cf00000, 0x000000008cf00000| Untracked 
| 208|0x000000008d000000, 0x000000008d000000, 0x000000008d100000|  0%| F|  |TAMS 0x000000008d000000, 0x000000008d000000| Untracked 
| 209|0x000000008d100000, 0x000000008d100000, 0x000000008d200000|  0%| F|  |TAMS 0x000000008d100000, 0x000000008d100000| Untracked 
| 210|0x000000008d200000, 0x000000008d200000, 0x000000008d300000|  0%| F|  |TAMS 0x000000008d200000, 0x000000008d200000| Untracked 
| 211|0x000000008d300000, 0x000000008d300000, 0x000000008d400000|  0%| F|  |TAMS 0x000000008d300000, 0x000000008d300000| Untracked 
| 212|0x000000008d400000, 0x000000008d500000, 0x000000008d500000|100%| S|CS|TAMS 0x000000008d400000, 0x000000008d400000| Complete 
| 213|0x000000008d500000, 0x000000008d600000, 0x000000008d600000|100%| S|CS|TAMS 0x000000008d500000, 0x000000008d500000| Complete 
| 214|0x000000008d600000, 0x000000008d700000, 0x000000008d700000|100%| S|CS|TAMS 0x000000008d600000, 0x000000008d600000| Complete 
| 215|0x000000008d700000, 0x000000008d800000, 0x000000008d800000|100%| S|CS|TAMS 0x000000008d700000, 0x000000008d700000| Complete 
| 216|0x000000008d800000, 0x000000008d900000, 0x000000008d900000|100%| S|CS|TAMS 0x000000008d800000, 0x000000008d800000| Complete 
| 217|0x000000008d900000, 0x000000008da00000, 0x000000008da00000|100%| S|CS|TAMS 0x000000008d900000, 0x000000008d900000| Complete 
| 218|0x000000008da00000, 0x000000008da00000, 0x000000008db00000|  0%| F|  |TAMS 0x000000008da00000, 0x000000008da00000| Untracked 
| 219|0x000000008db00000, 0x000000008db00000, 0x000000008dc00000|  0%| F|  |TAMS 0x000000008db00000, 0x000000008db00000| Untracked 
| 220|0x000000008dc00000, 0x000000008dc00000, 0x000000008dd00000|  0%| F|  |TAMS 0x000000008dc00000, 0x000000008dc00000| Untracked 
| 221|0x000000008dd00000, 0x000000008dd00000, 0x000000008de00000|  0%| F|  |TAMS 0x000000008dd00000, 0x000000008dd00000| Untracked 
| 222|0x000000008de00000, 0x000000008de00000, 0x000000008df00000|  0%| F|  |TAMS 0x000000008de00000, 0x000000008de00000| Untracked 
| 223|0x000000008df00000, 0x000000008df00000, 0x000000008e000000|  0%| F|  |TAMS 0x000000008df00000, 0x000000008df00000| Untracked 
| 224|0x000000008e000000, 0x000000008e000000, 0x000000008e100000|  0%| F|  |TAMS 0x000000008e000000, 0x000000008e000000| Untracked 
| 225|0x000000008e100000, 0x000000008e100000, 0x000000008e200000|  0%| F|  |TAMS 0x000000008e100000, 0x000000008e100000| Untracked 
| 226|0x000000008e200000, 0x000000008e200000, 0x000000008e300000|  0%| F|  |TAMS 0x000000008e200000, 0x000000008e200000| Untracked 
| 227|0x000000008e300000, 0x000000008e300000, 0x000000008e400000|  0%| F|  |TAMS 0x000000008e300000, 0x000000008e300000| Untracked 
| 228|0x000000008e400000, 0x000000008e400000, 0x000000008e500000|  0%| F|  |TAMS 0x000000008e400000, 0x000000008e400000| Untracked 
| 229|0x000000008e500000, 0x000000008e500000, 0x000000008e600000|  0%| F|  |TAMS 0x000000008e500000, 0x000000008e500000| Untracked 
| 230|0x000000008e600000, 0x000000008e600000, 0x000000008e700000|  0%| F|  |TAMS 0x000000008e600000, 0x000000008e600000| Untracked 
| 231|0x000000008e700000, 0x000000008e700000, 0x000000008e800000|  0%| F|  |TAMS 0x000000008e700000, 0x000000008e700000| Untracked 
| 232|0x000000008e800000, 0x000000008e800000, 0x000000008e900000|  0%| F|  |TAMS 0x000000008e800000, 0x000000008e800000| Untracked 
| 233|0x000000008e900000, 0x000000008e900000, 0x000000008ea00000|  0%| F|  |TAMS 0x000000008e900000, 0x000000008e900000| Untracked 
| 234|0x000000008ea00000, 0x000000008ea00000, 0x000000008eb00000|  0%| F|  |TAMS 0x000000008ea00000, 0x000000008ea00000| Untracked 
| 235|0x000000008eb00000, 0x000000008eb00000, 0x000000008ec00000|  0%| F|  |TAMS 0x000000008eb00000, 0x000000008eb00000| Untracked 
| 236|0x000000008ec00000, 0x000000008ec00000, 0x000000008ed00000|  0%| F|  |TAMS 0x000000008ec00000, 0x000000008ec00000| Untracked 
| 237|0x000000008ed00000, 0x000000008ed00000, 0x000000008ee00000|  0%| F|  |TAMS 0x000000008ed00000, 0x000000008ed00000| Untracked 
| 238|0x000000008ee00000, 0x000000008ee00000, 0x000000008ef00000|  0%| F|  |TAMS 0x000000008ee00000, 0x000000008ee00000| Untracked 
| 239|0x000000008ef00000, 0x000000008ef00000, 0x000000008f000000|  0%| F|  |TAMS 0x000000008ef00000, 0x000000008ef00000| Untracked 
| 240|0x000000008f000000, 0x000000008f000000, 0x000000008f100000|  0%| F|  |TAMS 0x000000008f000000, 0x000000008f000000| Untracked 
| 241|0x000000008f100000, 0x000000008f100000, 0x000000008f200000|  0%| F|  |TAMS 0x000000008f100000, 0x000000008f100000| Untracked 
| 242|0x000000008f200000, 0x000000008f200000, 0x000000008f300000|  0%| F|  |TAMS 0x000000008f200000, 0x000000008f200000| Untracked 
| 243|0x000000008f300000, 0x000000008f300000, 0x000000008f400000|  0%| F|  |TAMS 0x000000008f300000, 0x000000008f300000| Untracked 
| 244|0x000000008f400000, 0x000000008f400000, 0x000000008f500000|  0%| F|  |TAMS 0x000000008f400000, 0x000000008f400000| Untracked 
| 245|0x000000008f500000, 0x000000008f500000, 0x000000008f600000|  0%| F|  |TAMS 0x000000008f500000, 0x000000008f500000| Untracked 
| 246|0x000000008f600000, 0x000000008f600000, 0x000000008f700000|  0%| F|  |TAMS 0x000000008f600000, 0x000000008f600000| Untracked 
| 247|0x000000008f700000, 0x000000008f700000, 0x000000008f800000|  0%| F|  |TAMS 0x000000008f700000, 0x000000008f700000| Untracked 
| 248|0x000000008f800000, 0x000000008f800000, 0x000000008f900000|  0%| F|  |TAMS 0x000000008f800000, 0x000000008f800000| Untracked 
| 249|0x000000008f900000, 0x000000008f900000, 0x000000008fa00000|  0%| F|  |TAMS 0x000000008f900000, 0x000000008f900000| Untracked 
| 250|0x000000008fa00000, 0x000000008fa00000, 0x000000008fb00000|  0%| F|  |TAMS 0x000000008fa00000, 0x000000008fa00000| Untracked 
| 251|0x000000008fb00000, 0x000000008fb00000, 0x000000008fc00000|  0%| F|  |TAMS 0x000000008fb00000, 0x000000008fb00000| Untracked 
| 252|0x000000008fc00000, 0x000000008fc00000, 0x000000008fd00000|  0%| F|  |TAMS 0x000000008fc00000, 0x000000008fc00000| Untracked 
| 253|0x000000008fd00000, 0x000000008fd00000, 0x000000008fe00000|  0%| F|  |TAMS 0x000000008fd00000, 0x000000008fd00000| Untracked 
| 254|0x000000008fe00000, 0x000000008fe00000, 0x000000008ff00000|  0%| F|  |TAMS 0x000000008fe00000, 0x000000008fe00000| Untracked 
| 255|0x000000008ff00000, 0x000000008ff00000, 0x0000000090000000|  0%| F|  |TAMS 0x000000008ff00000, 0x000000008ff00000| Untracked 
| 256|0x0000000090000000, 0x0000000090000000, 0x0000000090100000|  0%| F|  |TAMS 0x0000000090000000, 0x0000000090000000| Untracked 
| 257|0x0000000090100000, 0x0000000090100000, 0x0000000090200000|  0%| F|  |TAMS 0x0000000090100000, 0x0000000090100000| Untracked 
| 258|0x0000000090200000, 0x0000000090200000, 0x0000000090300000|  0%| F|  |TAMS 0x0000000090200000, 0x0000000090200000| Untracked 
| 259|0x0000000090300000, 0x0000000090300000, 0x0000000090400000|  0%| F|  |TAMS 0x0000000090300000, 0x0000000090300000| Untracked 
| 260|0x0000000090400000, 0x0000000090400000, 0x0000000090500000|  0%| F|  |TAMS 0x0000000090400000, 0x0000000090400000| Untracked 
| 261|0x0000000090500000, 0x0000000090553c48, 0x0000000090600000| 32%| E|  |TAMS 0x0000000090500000, 0x0000000090500000| Complete 
| 262|0x0000000090600000, 0x0000000090700000, 0x0000000090700000|100%| E|CS|TAMS 0x0000000090600000, 0x0000000090600000| Complete 
| 263|0x0000000090700000, 0x0000000090800000, 0x0000000090800000|100%| E|CS|TAMS 0x0000000090700000, 0x0000000090700000| Complete 
| 264|0x0000000090800000, 0x0000000090900000, 0x0000000090900000|100%| E|CS|TAMS 0x0000000090800000, 0x0000000090800000| Complete 
| 265|0x0000000090900000, 0x0000000090a00000, 0x0000000090a00000|100%| E|CS|TAMS 0x0000000090900000, 0x0000000090900000| Complete 
| 266|0x0000000090a00000, 0x0000000090b00000, 0x0000000090b00000|100%| E|CS|TAMS 0x0000000090a00000, 0x0000000090a00000| Complete 
| 267|0x0000000090b00000, 0x0000000090c00000, 0x0000000090c00000|100%| E|CS|TAMS 0x0000000090b00000, 0x0000000090b00000| Complete 
| 268|0x0000000090c00000, 0x0000000090d00000, 0x0000000090d00000|100%| E|CS|TAMS 0x0000000090c00000, 0x0000000090c00000| Complete 
| 269|0x0000000090d00000, 0x0000000090e00000, 0x0000000090e00000|100%| E|CS|TAMS 0x0000000090d00000, 0x0000000090d00000| Complete 
| 270|0x0000000090e00000, 0x0000000090f00000, 0x0000000090f00000|100%| E|CS|TAMS 0x0000000090e00000, 0x0000000090e00000| Complete 
| 271|0x0000000090f00000, 0x0000000091000000, 0x0000000091000000|100%| E|CS|TAMS 0x0000000090f00000, 0x0000000090f00000| Complete 
| 272|0x0000000091000000, 0x0000000091100000, 0x0000000091100000|100%| E|CS|TAMS 0x0000000091000000, 0x0000000091000000| Complete 
| 273|0x0000000091100000, 0x0000000091200000, 0x0000000091200000|100%| E|CS|TAMS 0x0000000091100000, 0x0000000091100000| Complete 
| 274|0x0000000091200000, 0x0000000091300000, 0x0000000091300000|100%| E|CS|TAMS 0x0000000091200000, 0x0000000091200000| Complete 
| 275|0x0000000091300000, 0x0000000091400000, 0x0000000091400000|100%| E|CS|TAMS 0x0000000091300000, 0x0000000091300000| Complete 
| 276|0x0000000091400000, 0x0000000091500000, 0x0000000091500000|100%| E|CS|TAMS 0x0000000091400000, 0x0000000091400000| Complete 
| 277|0x0000000091500000, 0x0000000091600000, 0x0000000091600000|100%| E|CS|TAMS 0x0000000091500000, 0x0000000091500000| Complete 
| 278|0x0000000091600000, 0x0000000091700000, 0x0000000091700000|100%| E|CS|TAMS 0x0000000091600000, 0x0000000091600000| Complete 
| 279|0x0000000091700000, 0x0000000091800000, 0x0000000091800000|100%| E|CS|TAMS 0x0000000091700000, 0x0000000091700000| Complete 
| 280|0x0000000091800000, 0x0000000091900000, 0x0000000091900000|100%| E|CS|TAMS 0x0000000091800000, 0x0000000091800000| Complete 
| 281|0x0000000091900000, 0x0000000091a00000, 0x0000000091a00000|100%| E|CS|TAMS 0x0000000091900000, 0x0000000091900000| Complete 
| 282|0x0000000091a00000, 0x0000000091b00000, 0x0000000091b00000|100%| E|CS|TAMS 0x0000000091a00000, 0x0000000091a00000| Complete 
| 283|0x0000000091b00000, 0x0000000091c00000, 0x0000000091c00000|100%| E|CS|TAMS 0x0000000091b00000, 0x0000000091b00000| Complete 
| 284|0x0000000091c00000, 0x0000000091d00000, 0x0000000091d00000|100%| E|CS|TAMS 0x0000000091c00000, 0x0000000091c00000| Complete 
| 285|0x0000000091d00000, 0x0000000091e00000, 0x0000000091e00000|100%| E|CS|TAMS 0x0000000091d00000, 0x0000000091d00000| Complete 
| 286|0x0000000091e00000, 0x0000000091f00000, 0x0000000091f00000|100%| E|CS|TAMS 0x0000000091e00000, 0x0000000091e00000| Complete 
| 287|0x0000000091f00000, 0x0000000092000000, 0x0000000092000000|100%| E|CS|TAMS 0x0000000091f00000, 0x0000000091f00000| Complete 
| 288|0x0000000092000000, 0x0000000092100000, 0x0000000092100000|100%| E|CS|TAMS 0x0000000092000000, 0x0000000092000000| Complete 
| 289|0x0000000092100000, 0x0000000092200000, 0x0000000092200000|100%| E|CS|TAMS 0x0000000092100000, 0x0000000092100000| Complete 
| 290|0x0000000092200000, 0x0000000092300000, 0x0000000092300000|100%| E|CS|TAMS 0x0000000092200000, 0x0000000092200000| Complete 
| 291|0x0000000092300000, 0x0000000092400000, 0x0000000092400000|100%| E|CS|TAMS 0x0000000092300000, 0x0000000092300000| Complete 
| 292|0x0000000092400000, 0x0000000092500000, 0x0000000092500000|100%| E|CS|TAMS 0x0000000092400000, 0x0000000092400000| Complete 
| 293|0x0000000092500000, 0x0000000092600000, 0x0000000092600000|100%| E|CS|TAMS 0x0000000092500000, 0x0000000092500000| Complete 
| 294|0x0000000092600000, 0x0000000092700000, 0x0000000092700000|100%| E|CS|TAMS 0x0000000092600000, 0x0000000092600000| Complete 
| 295|0x0000000092700000, 0x0000000092800000, 0x0000000092800000|100%| E|CS|TAMS 0x0000000092700000, 0x0000000092700000| Complete 
| 296|0x0000000092800000, 0x0000000092900000, 0x0000000092900000|100%| E|CS|TAMS 0x0000000092800000, 0x0000000092800000| Complete 
| 297|0x0000000092900000, 0x0000000092a00000, 0x0000000092a00000|100%| E|CS|TAMS 0x0000000092900000, 0x0000000092900000| Complete 
| 298|0x0000000092a00000, 0x0000000092b00000, 0x0000000092b00000|100%| E|CS|TAMS 0x0000000092a00000, 0x0000000092a00000| Complete 
| 299|0x0000000092b00000, 0x0000000092c00000, 0x0000000092c00000|100%| E|CS|TAMS 0x0000000092b00000, 0x0000000092b00000| Complete 
| 300|0x0000000092c00000, 0x0000000092d00000, 0x0000000092d00000|100%| E|CS|TAMS 0x0000000092c00000, 0x0000000092c00000| Complete 
| 301|0x0000000092d00000, 0x0000000092e00000, 0x0000000092e00000|100%| E|CS|TAMS 0x0000000092d00000, 0x0000000092d00000| Complete 
| 302|0x0000000092e00000, 0x0000000092f00000, 0x0000000092f00000|100%| E|CS|TAMS 0x0000000092e00000, 0x0000000092e00000| Complete 
| 303|0x0000000092f00000, 0x0000000093000000, 0x0000000093000000|100%| E|CS|TAMS 0x0000000092f00000, 0x0000000092f00000| Complete 
| 304|0x0000000093000000, 0x0000000093100000, 0x0000000093100000|100%| E|CS|TAMS 0x0000000093000000, 0x0000000093000000| Complete 
| 305|0x0000000093100000, 0x0000000093200000, 0x0000000093200000|100%| E|CS|TAMS 0x0000000093100000, 0x0000000093100000| Complete 
| 306|0x0000000093200000, 0x0000000093300000, 0x0000000093300000|100%| E|CS|TAMS 0x0000000093200000, 0x0000000093200000| Complete 
| 307|0x0000000093300000, 0x0000000093400000, 0x0000000093400000|100%| E|CS|TAMS 0x0000000093300000, 0x0000000093300000| Complete 

Card table byte_map: [0x000002c34bb70000,0x000002c34bf70000] _byte_map_base: 0x000002c34b770000

Marking Bits (Prev, Next): (CMBitMap*) 0x000002c336a6de08, (CMBitMap*) 0x000002c336a6de40
 Prev Bits: [0x000002c34c370000, 0x000002c34e370000)
 Next Bits: [0x000002c34e370000, 0x000002c350370000)

Polling page: 0x000002c3382c0000

Metaspace:

Usage:
  Non-class:    115.42 MB capacity,   112.93 MB ( 98%) used,     2.05 MB (  2%) free+waste,   445.13 KB ( <1%) overhead. 
      Class:     17.71 MB capacity,    16.27 MB ( 92%) used,     1.24 MB (  7%) free+waste,   204.25 KB (  1%) overhead. 
       Both:    133.13 MB capacity,   129.20 MB ( 97%) used,     3.30 MB (  2%) free+waste,   649.38 KB ( <1%) overhead. 

Virtual space:
  Non-class space:      120.00 MB reserved,     115.50 MB ( 96%) committed 
      Class space:        1.00 GB reserved,      17.75 MB (  2%) committed 
             Both:        1.12 GB reserved,     133.25 MB ( 12%) committed 

Chunk freelists:
   Non-Class:  21.00 KB
       Class:  7.00 KB
        Both:  28.00 KB

MaxMetaspaceSize: 17179869184.00 GB
CompressedClassSpaceSize: 1.00 GB

CodeHeap 'non-profiled nmethods': size=120000Kb used=14113Kb max_used=14418Kb free=105886Kb
 bounds [0x000002c3437c0000, 0x000002c3445e0000, 0x000002c34acf0000]
CodeHeap 'profiled nmethods': size=120000Kb used=43147Kb max_used=43785Kb free=76852Kb
 bounds [0x000002c33c290000, 0x000002c33ee00000, 0x000002c3437c0000]
CodeHeap 'non-nmethods': size=5760Kb used=2373Kb max_used=2433Kb free=3386Kb
 bounds [0x000002c33bcf0000, 0x000002c33bf60000, 0x000002c33c290000]
 total_blobs=20519 nmethods=19519 adapters=910
 compilation: enabled
              stopped_count=0, restarted_count=0
 full_count=0

Compilation events (20 events):
Event: 1363.470 Thread 0x000002c35372d800 21645       2       com.android.tools.r8.internal.Ni::U (23 bytes)
Event: 1363.470 Thread 0x000002c35372d800 nmethod 21645 0x000002c33cd66c10 code [0x000002c33cd66dc0, 0x000002c33cd66f38]
Event: 1363.500 Thread 0x000002c3536db000 nmethod 21520 0x000002c343c72d90 code [0x000002c343c72f60, 0x000002c343c741b8]
Event: 1363.500 Thread 0x000002c3536db000 21019       4       com.android.tools.r8.internal.U6::f (45 bytes)
Event: 1363.504 Thread 0x000002c3536db000 nmethod 21019 0x000002c343ae4f90 code [0x000002c343ae5140, 0x000002c343ae53e8]
Event: 1363.504 Thread 0x000002c3536db000 21461       4       com.android.tools.r8.graph.c0::a (23 bytes)
Event: 1363.505 Thread 0x000002c3536db000 nmethod 21461 0x000002c343ae8a90 code [0x000002c343ae8c20, 0x000002c343ae8c78]
Event: 1363.505 Thread 0x000002c3536db000 21342       4       java.util.IdentityHashMap::hash (18 bytes)
Event: 1363.507 Thread 0x000002c3536db000 nmethod 21342 0x000002c343ae8790 code [0x000002c343ae8920, 0x000002c343ae89c8]
Event: 1363.507 Thread 0x000002c3536db000 21412       4       com.android.tools.r8.internal.SF::a (98 bytes)
Event: 1363.542 Thread 0x000002c35372d800 21647       2       com.android.tools.r8.graph.B0$d::c (797 bytes)
Event: 1363.546 Thread 0x000002c35372d800 nmethod 21647 0x000002c33cec2e10 code [0x000002c33cec32e0, 0x000002c33cec5708]
Event: 1363.549 Thread 0x000002c35372d800 21649       2       java.util.WeakHashMap$HashIterator::hasNext (95 bytes)
Event: 1363.549 Thread 0x000002c35372d800 nmethod 21649 0x000002c33cd66510 code [0x000002c33cd666e0, 0x000002c33cd66a78]
Event: 1363.549 Thread 0x000002c35372d800 21650       2       java.util.WeakHashMap$KeyIterator::next (8 bytes)
Event: 1363.550 Thread 0x000002c35372d800 nmethod 21650 0x000002c33cd66110 code [0x000002c33cd662c0, 0x000002c33cd66408]
Event: 1363.550 Thread 0x000002c35372d800 21651       2       java.util.WeakHashMap$HashIterator::nextEntry (81 bytes)
Event: 1363.550 Thread 0x000002c35372d800 nmethod 21651 0x000002c33cd65990 code [0x000002c33cd65b80, 0x000002c33cd65f88]
Event: 1363.553 Thread 0x000002c35372d800 21652       2       org.gradle.internal.operations.DefaultBuildOperationRunner$BuildOperationTrackingListener::stop (36 bytes)
Event: 1363.554 Thread 0x000002c35372d800 nmethod 21652 0x000002c33cda6890 code [0x000002c33cda6aa0, 0x000002c33cda6e78]

GC Heap History (20 events):
Event: 1358.943 GC heap before
{Heap before GC invocations=37 (full 0):
 garbage-first heap   total 262144K, used 204066K [0x0000000080000000, 0x0000000100000000)
  region size 1024K, 80 young (81920K), 2 survivors (2048K)
 Metaspace       used 124589K, capacity 128095K, committed 128384K, reserved 1161216K
  class space    used 15395K, capacity 16662K, committed 16768K, reserved 1048576K
}
Event: 1358.949 GC heap after
{Heap after GC invocations=38 (full 0):
 garbage-first heap   total 262144K, used 127801K [0x0000000080000000, 0x0000000100000000)
  region size 1024K, 4 young (4096K), 4 survivors (4096K)
 Metaspace       used 124589K, capacity 128095K, committed 128384K, reserved 1161216K
  class space    used 15395K, capacity 16662K, committed 16768K, reserved 1048576K
}
Event: 1359.250 GC heap before
{Heap before GC invocations=38 (full 0):
 garbage-first heap   total 262144K, used 207673K [0x0000000080000000, 0x0000000100000000)
  region size 1024K, 82 young (83968K), 4 survivors (4096K)
 Metaspace       used 124782K, capacity 128245K, committed 128640K, reserved 1161216K
  class space    used 15422K, capacity 16669K, committed 16768K, reserved 1048576K
}
Event: 1359.254 GC heap after
{Heap after GC invocations=39 (full 0):
 garbage-first heap   total 262144K, used 126851K [0x0000000080000000, 0x0000000100000000)
  region size 1024K, 3 young (3072K), 3 survivors (3072K)
 Metaspace       used 124782K, capacity 128245K, committed 128640K, reserved 1161216K
  class space    used 15422K, capacity 16669K, committed 16768K, reserved 1048576K
}
Event: 1359.604 GC heap before
{Heap before GC invocations=39 (full 0):
 garbage-first heap   total 262144K, used 212867K [0x0000000080000000, 0x0000000100000000)
  region size 1024K, 85 young (87040K), 3 survivors (3072K)
 Metaspace       used 124897K, capacity 128415K, committed 128640K, reserved 1161216K
  class space    used 15441K, capacity 16718K, committed 16768K, reserved 1048576K
}
Event: 1359.606 GC heap after
{Heap after GC invocations=40 (full 0):
 garbage-first heap   total 262144K, used 123847K [0x0000000080000000, 0x0000000100000000)
  region size 1024K, 2 young (2048K), 2 survivors (2048K)
 Metaspace       used 124897K, capacity 128415K, committed 128640K, reserved 1161216K
  class space    used 15441K, capacity 16718K, committed 16768K, reserved 1048576K
}
Event: 1360.024 GC heap before
{Heap before GC invocations=40 (full 0):
 garbage-first heap   total 262144K, used 212935K [0x0000000080000000, 0x0000000100000000)
  region size 1024K, 89 young (91136K), 2 survivors (2048K)
 Metaspace       used 124905K, capacity 128479K, committed 128640K, reserved 1161216K
  class space    used 15441K, capacity 16718K, committed 16768K, reserved 1048576K
}
Event: 1360.027 GC heap after
{Heap after GC invocations=41 (full 0):
 garbage-first heap   total 262144K, used 123659K [0x0000000080000000, 0x0000000100000000)
  region size 1024K, 2 young (2048K), 2 survivors (2048K)
 Metaspace       used 124905K, capacity 128479K, committed 128640K, reserved 1161216K
  class space    used 15441K, capacity 16718K, committed 16768K, reserved 1048576K
}
Event: 1361.775 GC heap before
{Heap before GC invocations=41 (full 0):
 garbage-first heap   total 262144K, used 230155K [0x0000000080000000, 0x0000000100000000)
  region size 1024K, 91 young (93184K), 2 survivors (2048K)
 Metaspace       used 125073K, capacity 128608K, committed 128640K, reserved 1161216K
  class space    used 15464K, capacity 16738K, committed 16768K, reserved 1048576K
}
Event: 1361.781 GC heap after
{Heap after GC invocations=42 (full 0):
 garbage-first heap   total 262144K, used 127613K [0x0000000080000000, 0x0000000100000000)
  region size 1024K, 4 young (4096K), 4 survivors (4096K)
 Metaspace       used 125073K, capacity 128608K, committed 128640K, reserved 1161216K
  class space    used 15464K, capacity 16738K, committed 16768K, reserved 1048576K
}
Event: 1362.682 GC heap before
{Heap before GC invocations=42 (full 0):
 garbage-first heap   total 262144K, used 216701K [0x0000000080000000, 0x0000000100000000)
  region size 1024K, 92 young (94208K), 4 survivors (4096K)
 Metaspace       used 126713K, capacity 130442K, committed 130688K, reserved 1163264K
  class space    used 15704K, capacity 17021K, committed 17024K, reserved 1048576K
}
Event: 1362.698 GC heap after
{Heap after GC invocations=43 (full 0):
 garbage-first heap   total 262144K, used 145799K [0x0000000080000000, 0x0000000100000000)
  region size 1024K, 12 young (12288K), 12 survivors (12288K)
 Metaspace       used 126713K, capacity 130442K, committed 130688K, reserved 1163264K
  class space    used 15704K, capacity 17021K, committed 17024K, reserved 1048576K
}
Event: 1362.939 GC heap before
{Heap before GC invocations=43 (full 0):
 garbage-first heap   total 262144K, used 213383K [0x0000000080000000, 0x0000000100000000)
  region size 1024K, 79 young (80896K), 12 survivors (12288K)
 Metaspace       used 127845K, capacity 131606K, committed 131712K, reserved 1163264K
  class space    used 15858K, capacity 17193K, committed 17280K, reserved 1048576K
}
Event: 1362.966 GC heap after
{Heap after GC invocations=44 (full 0):
 garbage-first heap   total 262144K, used 160481K [0x0000000080000000, 0x0000000100000000)
  region size 1024K, 10 young (10240K), 10 survivors (10240K)
 Metaspace       used 127845K, capacity 131606K, committed 131712K, reserved 1163264K
  class space    used 15858K, capacity 17193K, committed 17280K, reserved 1048576K
}
Event: 1363.113 GC heap before
{Heap before GC invocations=44 (full 0):
 garbage-first heap   total 262144K, used 211681K [0x0000000080000000, 0x0000000100000000)
  region size 1024K, 60 young (61440K), 10 survivors (10240K)
 Metaspace       used 128829K, capacity 132613K, committed 132864K, reserved 1165312K
  class space    used 16004K, capacity 17363K, committed 17408K, reserved 1048576K
}
Event: 1363.135 GC heap after
{Heap after GC invocations=45 (full 0):
 garbage-first heap   total 262144K, used 169984K [0x0000000080000000, 0x0000000100000000)
  region size 1024K, 8 young (8192K), 8 survivors (8192K)
 Metaspace       used 128829K, capacity 132613K, committed 132864K, reserved 1165312K
  class space    used 16004K, capacity 17363K, committed 17408K, reserved 1048576K
}
Event: 1363.288 GC heap before
{Heap before GC invocations=45 (full 0):
 garbage-first heap   total 262144K, used 215040K [0x0000000080000000, 0x0000000100000000)
  region size 1024K, 52 young (53248K), 8 survivors (8192K)
 Metaspace       used 129444K, capacity 133318K, committed 133504K, reserved 1165312K
  class space    used 16112K, capacity 17486K, committed 17536K, reserved 1048576K
}
Event: 1363.307 GC heap after
{Heap after GC invocations=46 (full 0):
 garbage-first heap   total 262144K, used 178456K [0x0000000080000000, 0x0000000100000000)
  region size 1024K, 7 young (7168K), 7 survivors (7168K)
 Metaspace       used 129444K, capacity 133318K, committed 133504K, reserved 1165312K
  class space    used 16112K, capacity 17486K, committed 17536K, reserved 1048576K
}
Event: 1363.484 GC heap before
{Heap before GC invocations=46 (full 0):
 garbage-first heap   total 262144K, used 216344K [0x0000000080000000, 0x0000000100000000)
  region size 1024K, 45 young (46080K), 7 survivors (7168K)
 Metaspace       used 130494K, capacity 134404K, committed 134528K, reserved 1165312K
  class space    used 16327K, capacity 17745K, committed 17792K, reserved 1048576K
}
Event: 1363.500 GC heap after
{Heap after GC invocations=47 (full 0):
 garbage-first heap   total 315392K, used 186268K [0x0000000080000000, 0x0000000100000000)
  region size 1024K, 6 young (6144K), 6 survivors (6144K)
 Metaspace       used 130494K, capacity 134404K, committed 134528K, reserved 1165312K
  class space    used 16327K, capacity 17745K, committed 17792K, reserved 1048576K
}

Deoptimization events (20 events):
Event: 1363.540 Thread 0x000002c356fe0000 DEOPT PACKING pc=0x000002c343ae98f0 sp=0x000000ded42f9a90
Event: 1363.540 Thread 0x000002c356fe0000 DEOPT UNPACKING pc=0x000002c33bd178af sp=0x000000ded42f9a38 mode 2
Event: 1363.540 Thread 0x000002c356fe0000 Uncommon trap: trap_request=0xffffffc6 fr.pc=0x000002c343ae98f0 relative=0x00000000000009d0
Event: 1363.540 Thread 0x000002c356fe0000 Uncommon trap: reason=bimorphic_or_optimized_type_check action=maybe_recompile pc=0x000002c343ae98f0 method=com.android.tools.r8.internal.Sb$a.hashCode()I @ 26 c2
Event: 1363.540 Thread 0x000002c356fe0000 DEOPT PACKING pc=0x000002c343ae98f0 sp=0x000000ded42f9a80
Event: 1363.540 Thread 0x000002c356fe0000 DEOPT UNPACKING pc=0x000002c33bd178af sp=0x000000ded42f9a28 mode 2
Event: 1363.540 Thread 0x000002c356fe0000 Uncommon trap: trap_request=0xffffffc6 fr.pc=0x000002c343ae98f0 relative=0x00000000000009d0
Event: 1363.540 Thread 0x000002c356fe0000 Uncommon trap: reason=bimorphic_or_optimized_type_check action=maybe_recompile pc=0x000002c343ae98f0 method=com.android.tools.r8.internal.Sb$a.hashCode()I @ 26 c2
Event: 1363.540 Thread 0x000002c356fe0000 DEOPT PACKING pc=0x000002c343ae98f0 sp=0x000000ded42f99f0
Event: 1363.540 Thread 0x000002c356fe0000 DEOPT UNPACKING pc=0x000002c33bd178af sp=0x000000ded42f9998 mode 2
Event: 1363.552 Thread 0x000002c355103000 DEOPT PACKING pc=0x000002c33c978654 sp=0x000000ded3efd160
Event: 1363.552 Thread 0x000002c355103000 DEOPT UNPACKING pc=0x000002c33bd176ce sp=0x000000ded3efc648 mode 0
Event: 1363.552 Thread 0x000002c355103000 DEOPT PACKING pc=0x000002c33ccc7e94 sp=0x000000ded3efd290
Event: 1363.552 Thread 0x000002c355103000 DEOPT UNPACKING pc=0x000002c33bd176ce sp=0x000000ded3efc740 mode 0
Event: 1363.553 Thread 0x000002c355103000 DEOPT PACKING pc=0x000002c33e6b1dac sp=0x000000ded3efd910
Event: 1363.553 Thread 0x000002c355103000 DEOPT UNPACKING pc=0x000002c33bd176ce sp=0x000000ded3efcec0 mode 0
Event: 1363.553 Thread 0x000002c355103000 Uncommon trap: trap_request=0xffffffde fr.pc=0x000002c34431ced0 relative=0x0000000000000d50
Event: 1363.553 Thread 0x000002c355103000 Uncommon trap: reason=class_check action=maybe_recompile pc=0x000002c34431ced0 method=org.gradle.api.internal.artifacts.DependencyManagementGradleUserHomeScopeServices$$Lambda$239/0x00000001003fdc40.test(Ljava/lang/Object;)Z @ 5 c2
Event: 1363.553 Thread 0x000002c355103000 DEOPT PACKING pc=0x000002c34431ced0 sp=0x000000ded3efe430
Event: 1363.553 Thread 0x000002c355103000 DEOPT UNPACKING pc=0x000002c33bd178af sp=0x000000ded3efe2a0 mode 2

Classes redefined (0 events):
No events

Internal exceptions (20 events):
Event: 1362.775 Thread 0x000002c35510b800 Exception <a 'java/lang/IncompatibleClassChangeError'{0x000000008ebb1da8}: Found class java.lang.Object, but interface was expected> (0x000000008ebb1da8) thrown at [./src/hotspot/share/interpreter/linkResolver.cpp, line 839]
Event: 1362.776 Thread 0x000002c355108800 Exception <a 'java/lang/NoSuchMethodError'{0x000000008ea2d748}: 'java.lang.Object java.lang.invoke.DirectMethodHandle$Holder.newInvokeSpecial(java.lang.Object, int)'> (0x000000008ea2d748) thrown at [./src/hotspot/share/interpreter/linkResolver.cpp, line 773]
Event: 1362.776 Thread 0x000002c356fe2800 Exception <a 'java/lang/NoSuchMethodError'{0x000000008ea18b00}: 'java.lang.Object java.lang.invoke.DirectMethodHandle$Holder.newInvokeSpecial(java.lang.Object, int)'> (0x000000008ea18b00) thrown at [./src/hotspot/share/interpreter/linkResolver.cpp, line 773]
Event: 1362.777 Thread 0x000002c35510b800 Exception <a 'java/lang/NoSuchMethodError'{0x000000008ebb57d0}: 'java.lang.Object java.lang.invoke.DirectMethodHandle$Holder.newInvokeSpecial(java.lang.Object, int)'> (0x000000008ebb57d0) thrown at [./src/hotspot/share/interpreter/linkResolver.cpp, line 773]
Event: 1362.782 Thread 0x000002c35510b800 Exception <a 'java/lang/IncompatibleClassChangeError'{0x000000008ea83420}: Found class java.lang.Object, but interface was expected> (0x000000008ea83420) thrown at [./src/hotspot/share/interpreter/linkResolver.cpp, line 839]
Event: 1362.783 Thread 0x000002c35510b800 Exception <a 'java/lang/IncompatibleClassChangeError'{0x000000008ea8d170}: Found class java.lang.Object, but interface was expected> (0x000000008ea8d170) thrown at [./src/hotspot/share/interpreter/linkResolver.cpp, line 839]
Event: 1362.833 Thread 0x000002c35510b800 Exception <a 'java/lang/IncompatibleClassChangeError'{0x000000008daf0398}: Found class java.lang.Object, but interface was expected> (0x000000008daf0398) thrown at [./src/hotspot/share/interpreter/linkResolver.cpp, line 839]
Event: 1362.833 Thread 0x000002c356fe2800 Exception <a 'java/lang/IncompatibleClassChangeError'{0x000000008dad6720}: Found class java.lang.Object, but interface was expected> (0x000000008dad6720) thrown at [./src/hotspot/share/interpreter/linkResolver.cpp, line 839]
Event: 1363.061 Thread 0x000002c35510b800 Exception <a 'java/lang/NoSuchMethodError'{0x000000008dc766a8}: 'int java.lang.invoke.DirectMethodHandle$Holder.invokeSpecial(java.lang.Object, java.lang.Object, java.lang.Object, java.lang.Object, java.lang.Object, java.lang.Object, java.lang.Object, java.lang.Object, java.lang.Object)'> (0x000000008dc766a8) thrown at [./src/hotspot/share/interpreter/linkResolver.cpp, line 773]
Event: 1363.061 Thread 0x000002c356fe2800 Exception <a 'java/lang/NoSuchMethodError'{0x000000008ddd6f68}: 'int java.lang.invoke.DirectMethodHandle$Holder.invokeSpecial(java.lang.Object, java.lang.Object, java.lang.Object, java.lang.Object, java.lang.Object, java.lang.Object, java.lang.Object, java.lang.Object, java.lang.Object)'> (0x000000008ddd6f68) thrown at [./src/hotspot/share/interpreter/linkResolver.cpp, line 773]
Event: 1363.061 Thread 0x000002c356fe1000 Exception <a 'java/lang/NoSuchMethodError'{0x000000008ddbf230}: 'int java.lang.invoke.DirectMethodHandle$Holder.invokeSpecial(java.lang.Object, java.lang.Object, java.lang.Object, java.lang.Object, java.lang.Object, java.lang.Object, java.lang.Object, java.lang.Object, java.lang.Object)'> (0x000000008ddbf230) thrown at [./src/hotspot/share/interpreter/linkResolver.cpp, line 773]
Event: 1363.061 Thread 0x000002c355109800 Exception <a 'java/lang/NoSuchMethodError'{0x000000008e5c75f8}: 'int java.lang.invoke.DirectMethodHandle$Holder.invokeSpecial(java.lang.Object, java.lang.Object, java.lang.Object, java.lang.Object, java.lang.Object, java.lang.Object, java.lang.Object, java.lang.Object, java.lang.Object)'> (0x000000008e5c75f8) thrown at [./src/hotspot/share/interpreter/linkResolver.cpp, line 773]
Event: 1363.062 Thread 0x000002c356fe1000 Exception <a 'java/lang/NoSuchMethodError'{0x000000008dc9c4b0}: 'java.lang.Object java.lang.invoke.Invokers$Holder.linkToTargetMethod(java.lang.Object, java.lang.Object, java.lang.Object, java.lang.Object, java.lang.Object, java.lang.Object, java.lang.Object, java.lang.Object)'> (0x000000008dc9c4b0) thrown at [./src/hotspot/share/interpreter/linkResolver.cpp, line 773]
Event: 1363.334 Thread 0x000002c355108800 Exception <a 'java/lang/NoSuchMethodError'{0x000000008fc10a90}: 'java.lang.Object java.lang.invoke.DirectMethodHandle$Holder.invokeVirtual(java.lang.Object, java.lang.Object, int, java.lang.Object)'> (0x000000008fc10a90) thrown at [./src/hotspot/share/interpreter/linkResolver.cpp, line 773]
Event: 1363.334 Thread 0x000002c356fe2800 Exception <a 'java/lang/NoSuchMethodError'{0x000000008fc08df0}: 'java.lang.Object java.lang.invoke.DirectMethodHandle$Holder.invokeVirtual(java.lang.Object, java.lang.Object, int, java.lang.Object)'> (0x000000008fc08df0) thrown at [./src/hotspot/share/interpreter/linkResolver.cpp, line 773]
Event: 1363.334 Thread 0x000002c356fe1000 Exception <a 'java/lang/NoSuchMethodError'{0x000000008fd282b8}: 'java.lang.Object java.lang.invoke.DirectMethodHandle$Holder.invokeVirtual(java.lang.Object, java.lang.Object, int, java.lang.Object)'> (0x000000008fd282b8) thrown at [./src/hotspot/share/interpreter/linkResolver.cpp, line 773]
Event: 1363.334 Thread 0x000002c35510b800 Exception <a 'java/lang/NoSuchMethodError'{0x000000008fd09438}: 'java.lang.Object java.lang.invoke.DirectMethodHandle$Holder.invokeVirtual(java.lang.Object, java.lang.Object, int, java.lang.Object)'> (0x000000008fd09438) thrown at [./src/hotspot/share/interpreter/linkResolver.cpp, line 773]
Event: 1363.334 Thread 0x000002c35510a000 Exception <a 'java/lang/NoSuchMethodError'{0x000000008feea998}: 'java.lang.Object java.lang.invoke.DirectMethodHandle$Holder.invokeVirtual(java.lang.Object, java.lang.Object, int, java.lang.Object)'> (0x000000008feea998) thrown at [./src/hotspot/share/interpreter/linkResolver.cpp, line 773]
Event: 1363.432 Thread 0x000002c356fe2800 Exception <a 'java/lang/NoSuchMethodError'{0x000000008e147f08}: 'void java.lang.invoke.DirectMethodHandle$Holder.invokeVirtual(java.lang.Object, java.lang.Object, int, java.lang.Object)'> (0x000000008e147f08) thrown at [./src/hotspot/share/interpreter/linkResolver.cpp, line 773]
Event: 1363.548 Thread 0x000002c355103000 Exception <a 'java/lang/OutOfMemoryError'{0x0000000092aef6b0}> (0x0000000092aef6b0) thrown at [./src/hotspot/share/prims/jni.cpp, line 636]

Events (20 events):
Event: 1363.517 loading class com/android/tools/r8/internal/X$f
Event: 1363.517 loading class com/android/tools/r8/internal/X$f done
Event: 1363.517 loading class com/android/tools/r8/internal/Fa
Event: 1363.517 loading class com/android/tools/r8/internal/Fa done
Event: 1363.518 loading class com/android/tools/r8/internal/xz
Event: 1363.518 loading class com/android/tools/r8/internal/xz done
Event: 1363.518 loading class com/android/tools/r8/internal/i2$b
Event: 1363.518 loading class com/android/tools/r8/internal/i2$b done
Event: 1363.538 loading class com/android/tools/r8/internal/e6$a
Event: 1363.538 loading class com/android/tools/r8/internal/Fa$a
Event: 1363.538 loading class com/android/tools/r8/internal/e6$a done
Event: 1363.538 loading class com/android/tools/r8/internal/Fa$a done
Event: 1363.538 loading class com/android/tools/r8/internal/uz
Event: 1363.538 loading class com/android/tools/r8/internal/uz done
Event: 1363.548 loading class java/util/zip/DataFormatException
Event: 1363.548 loading class java/util/zip/DataFormatException done
Event: 1363.550 loading class org/gradle/internal/Try
Event: 1363.550 loading class org/gradle/internal/Try done
Event: 1363.551 loading class org/gradle/internal/execution/steps/Result
Event: 1363.551 loading class org/gradle/internal/execution/steps/Result done


Dynamic libraries:
0x00007ff68a8b0000 - 0x00007ff68a8ba000 	C:\Program Files\Android\Android Studio\jre\bin\java.exe
0x00007ffd6fe90000 - 0x00007ffd70085000 	C:\WINDOWS\SYSTEM32\ntdll.dll
0x00007ffd6fab0000 - 0x00007ffd6fb6e000 	C:\WINDOWS\System32\KERNEL32.DLL
0x00007ffd6db80000 - 0x00007ffd6de48000 	C:\WINDOWS\System32\KERNELBASE.dll
0x00007ffd6d6b0000 - 0x00007ffd6d7b0000 	C:\WINDOWS\System32\ucrtbase.dll
0x00007ffd46060000 - 0x00007ffd46079000 	C:\Program Files\Android\Android Studio\jre\bin\jli.dll
0x00007ffd45160000 - 0x00007ffd45177000 	C:\Program Files\Android\Android Studio\jre\bin\VCRUNTIME140.dll
0x00007ffd6ea10000 - 0x00007ffd6ebb1000 	C:\WINDOWS\System32\USER32.dll
0x00007ffd5edc0000 - 0x00007ffd5f05a000 	C:\WINDOWS\WinSxS\amd64_microsoft.windows.common-controls_6595b64144ccf1df_6.0.19041.1110_none_60b5254171f9507e\COMCTL32.dll
0x00007ffd6de80000 - 0x00007ffd6dea2000 	C:\WINDOWS\System32\win32u.dll
0x00007ffd6fd80000 - 0x00007ffd6fe1e000 	C:\WINDOWS\System32\msvcrt.dll
0x00007ffd6e350000 - 0x00007ffd6e37b000 	C:\WINDOWS\System32\GDI32.dll
0x00007ffd6da70000 - 0x00007ffd6db7b000 	C:\WINDOWS\System32\gdi32full.dll
0x00007ffd6d610000 - 0x00007ffd6d6ad000 	C:\WINDOWS\System32\msvcp_win.dll
0x00007ffd6e220000 - 0x00007ffd6e250000 	C:\WINDOWS\System32\IMM32.DLL
0x00007ffd39890000 - 0x00007ffd3992d000 	C:\Program Files\Android\Android Studio\jre\bin\msvcp140.dll
0x00007ffd33820000 - 0x00007ffd342ef000 	C:\Program Files\Android\Android Studio\jre\bin\server\jvm.dll
0x00007ffd6e890000 - 0x00007ffd6e93c000 	C:\WINDOWS\System32\ADVAPI32.dll
0x00007ffd6e2b0000 - 0x00007ffd6e34b000 	C:\WINDOWS\System32\sechost.dll
0x00007ffd6e540000 - 0x00007ffd6e66a000 	C:\WINDOWS\System32\RPCRT4.dll
0x00007ffd6e670000 - 0x00007ffd6e678000 	C:\WINDOWS\System32\PSAPI.DLL
0x00007ffd5d6f0000 - 0x00007ffd5d717000 	C:\WINDOWS\SYSTEM32\WINMM.dll
0x00007ffd64a60000 - 0x00007ffd64a6a000 	C:\WINDOWS\SYSTEM32\VERSION.dll
0x00007ffd6b550000 - 0x00007ffd6b559000 	C:\WINDOWS\SYSTEM32\WSOCK32.dll
0x00007ffd6e940000 - 0x00007ffd6e9ab000 	C:\WINDOWS\System32\WS2_32.dll
0x00007ffd6be30000 - 0x00007ffd6be42000 	C:\WINDOWS\SYSTEM32\kernel.appcore.dll
0x00007ffd49fd0000 - 0x00007ffd49fe1000 	C:\Program Files\Android\Android Studio\jre\bin\verify.dll
0x00007ffd6b340000 - 0x00007ffd6b524000 	C:\WINDOWS\SYSTEM32\DBGHELP.DLL
0x00007ffd623a0000 - 0x00007ffd623cc000 	C:\WINDOWS\SYSTEM32\dbgcore.DLL
0x00007ffd6d580000 - 0x00007ffd6d603000 	C:\WINDOWS\System32\bcryptPrimitives.dll
0x00007ffd45180000 - 0x00007ffd451a9000 	C:\Program Files\Android\Android Studio\jre\bin\java.dll
0x00007ffd605c0000 - 0x00007ffd605cb000 	C:\Program Files\Android\Android Studio\jre\bin\jimage.dll
0x00007ffd49d30000 - 0x00007ffd49d48000 	C:\Program Files\Android\Android Studio\jre\bin\zip.dll
0x00007ffd6f1c0000 - 0x00007ffd6f8ff000 	C:\WINDOWS\System32\SHELL32.dll
0x00007ffd6b660000 - 0x00007ffd6bdf0000 	C:\WINDOWS\SYSTEM32\windows.storage.dll
0x00007ffd6dec0000 - 0x00007ffd6e215000 	C:\WINDOWS\System32\combase.dll
0x00007ffd6cfd0000 - 0x00007ffd6cffe000 	C:\WINDOWS\SYSTEM32\Wldp.dll
0x00007ffd6e410000 - 0x00007ffd6e4bd000 	C:\WINDOWS\System32\SHCORE.dll
0x00007ffd6e9b0000 - 0x00007ffd6ea05000 	C:\WINDOWS\System32\shlwapi.dll
0x00007ffd6d4c0000 - 0x00007ffd6d4df000 	C:\WINDOWS\SYSTEM32\profapi.dll
0x00007ffd496f0000 - 0x00007ffd4970a000 	C:\Program Files\Android\Android Studio\jre\bin\net.dll
0x00007ffd66160000 - 0x00007ffd6626c000 	C:\WINDOWS\SYSTEM32\WINHTTP.dll
0x00007ffd6cd30000 - 0x00007ffd6cd9a000 	C:\WINDOWS\system32\mswsock.dll
0x00007ffd49000000 - 0x00007ffd49014000 	C:\Program Files\Android\Android Studio\jre\bin\nio.dll
0x00007ffd3d120000 - 0x00007ffd3d147000 	C:\Users\User\.gradle\native\8bec1ad78214c89d9ad589b4d07fe93259594b29d510b10fafb7a158f7737e5d\windows-amd64\native-platform.dll
0x00007ffd39e80000 - 0x00007ffd39fbd000 	C:\Users\User\.gradle\native\53dbd7edfb1c66fb8903c78663c9afc45aea4f116125fa6feffd364cf09443e8\windows-amd64\native-platform-file-events.dll
0x00007ffd602a0000 - 0x00007ffd602aa000 	C:\Program Files\Android\Android Studio\jre\bin\management.dll
0x00007ffd601b0000 - 0x00007ffd601bc000 	C:\Program Files\Android\Android Studio\jre\bin\management_ext.dll
0x00007ffd6cf30000 - 0x00007ffd6cf48000 	C:\WINDOWS\SYSTEM32\CRYPTSP.dll
0x00007ffd6c5e0000 - 0x00007ffd6c614000 	C:\WINDOWS\system32\rsaenh.dll
0x00007ffd6de50000 - 0x00007ffd6de77000 	C:\WINDOWS\System32\bcrypt.dll
0x00007ffd6d440000 - 0x00007ffd6d46e000 	C:\WINDOWS\SYSTEM32\USERENV.dll
0x00007ffd6cf20000 - 0x00007ffd6cf2c000 	C:\WINDOWS\SYSTEM32\CRYPTBASE.dll
0x00007ffd6c9d0000 - 0x00007ffd6ca0b000 	C:\WINDOWS\SYSTEM32\IPHLPAPI.DLL
0x00007ffd6deb0000 - 0x00007ffd6deb8000 	C:\WINDOWS\System32\NSI.dll
0x00007ffd689e0000 - 0x00007ffd689f7000 	C:\WINDOWS\SYSTEM32\dhcpcsvc6.DLL
0x00007ffd68560000 - 0x00007ffd6857d000 	C:\WINDOWS\SYSTEM32\dhcpcsvc.DLL
0x00007ffd6ca10000 - 0x00007ffd6cadb000 	C:\WINDOWS\SYSTEM32\DNSAPI.dll
0x00007ffd4ab10000 - 0x00007ffd4ab37000 	C:\Program Files\Android\Android Studio\jre\bin\sunec.dll
0x00007ffd61ab0000 - 0x00007ffd61aba000 	C:\Windows\System32\rasadhlp.dll
0x00007ffd61890000 - 0x00007ffd6190f000 	C:\WINDOWS\System32\fwpuclnt.dll
0x00007ffd6c240000 - 0x00007ffd6c273000 	C:\WINDOWS\SYSTEM32\ntmarta.dll

dbghelp: loaded successfully - version: 4.0.5 - missing functions: none
symbol engine: initialized successfully - sym options: 0x614 - pdb path: .;C:\Program Files\Android\Android Studio\jre\bin;C:\WINDOWS\SYSTEM32;C:\WINDOWS\WinSxS\amd64_microsoft.windows.common-controls_6595b64144ccf1df_6.0.19041.1110_none_60b5254171f9507e;C:\Program Files\Android\Android Studio\jre\bin\server;C:\Users\User\.gradle\native\8bec1ad78214c89d9ad589b4d07fe93259594b29d510b10fafb7a158f7737e5d\windows-amd64;C:\Users\User\.gradle\native\53dbd7edfb1c66fb8903c78663c9afc45aea4f116125fa6feffd364cf09443e8\windows-amd64

VM Arguments:
jvm_args: --add-opens=java.base/java.util=ALL-UNNAMED --add-opens=java.base/java.lang=ALL-UNNAMED --add-opens=java.base/java.lang.invoke=ALL-UNNAMED --add-opens=java.base/java.util=ALL-UNNAMED --add-opens=java.prefs/java.util.prefs=ALL-UNNAMED --add-opens=java.prefs/java.util.prefs=ALL-UNNAMED --add-opens=java.base/java.nio.charset=ALL-UNNAMED --add-opens=java.base/java.net=ALL-UNNAMED --add-opens=java.base/java.util.concurrent.atomic=ALL-UNNAMED -Xmx2048m -Dfile.encoding=UTF-8 -Duser.country=TR -Duser.language=tr -Duser.variant 
java_command: org.gradle.launcher.daemon.bootstrap.GradleDaemon 7.0.2
java_class_path (initial): C:\Users\User\.gradle\wrapper\dists\gradle-7.0.2-bin\857tjihv64xamwrf0h14cai3r\gradle-7.0.2\lib\gradle-launcher-7.0.2.jar
Launcher Type: SUN_STANDARD

[Global flags]
     intx CICompilerCount                          = 4                                         {product} {ergonomic}
     uint ConcGCThreads                            = 2                                         {product} {ergonomic}
     uint G1ConcRefinementThreads                  = 8                                         {product} {ergonomic}
   size_t G1HeapRegionSize                         = 1048576                                   {product} {ergonomic}
    uintx GCDrainStackTargetSize                   = 64                                        {product} {ergonomic}
   size_t InitialHeapSize                          = 268435456                                 {product} {ergonomic}
   size_t MarkStackSize                            = 4194304                                   {product} {ergonomic}
   size_t MaxHeapSize                              = 2147483648                                {product} {command line}
   size_t MaxNewSize                               = 1287651328                                {product} {ergonomic}
   size_t MinHeapDeltaBytes                        = 1048576                                   {product} {ergonomic}
    uintx NonNMethodCodeHeapSize                   = 5836300                                {pd product} {ergonomic}
    uintx NonProfiledCodeHeapSize                  = 122910970                              {pd product} {ergonomic}
    uintx ProfiledCodeHeapSize                     = 122910970                              {pd product} {ergonomic}
    uintx ReservedCodeCacheSize                    = 251658240                              {pd product} {ergonomic}
     bool SegmentedCodeCache                       = true                                      {product} {ergonomic}
     bool UseCompressedClassPointers               = true                                 {lp64_product} {ergonomic}
     bool UseCompressedOops                        = true                                 {lp64_product} {ergonomic}
     bool UseG1GC                                  = true                                      {product} {ergonomic}
     bool UseLargePagesIndividualAllocation        = false                                  {pd product} {ergonomic}

Logging:
Log output configuration:
 #0: stdout all=warning uptime,level,tags
 #1: stderr all=off uptime,level,tags

Environment Variables:
PATH=C:\Program Files (x86)\Intel\iCLS Client\;C:\Program Files (x86)\Common Files\Oracle\Java\javapath;C:\ProgramData\Oracle\Java\javapath;C:\Program Files\Intel\iCLS Client\;C:\windows\system32;C:\windows;C:\windows\System32\Wbem;C:\windows\System32\WindowsPowerShell\v1.0\;C:\Program Files (x86)\NVIDIA Corporation\PhysX\Common;C:\WINDOWS\system32;C:\WINDOWS;C:\WINDOWS\System32\Wbem;C:\WINDOWS\System32\WindowsPowerShell\v1.0\;C:\WINDOWS\System32\OpenSSH\;C:\Program Files (x86)\Intel\Intel(R) Management Engine Components\DAL;C:\Program Files\Intel\Intel(R) Management Engine Components\DAL;C:\Program Files (x86)\Intel\Intel(R) Management Engine Components\IPT;C:\Program Files\Intel\Intel(R) Management Engine Components\IPT;C:\Program Files\dotnet\;C:\Program Files\Intel\WiFi\bin\;C:\Program Files\Common Files\Intel\WirelessCommon\;C:\Program Files\Microsoft SQL Server\130\Tools\Binn\;C:\WINDOWS\system32;C:\WINDOWS;C:\WINDOWS\System32\Wbem;C:\WINDOWS\System32\WindowsPowerShell\v1.0\;C:\WINDOWS\System32\OpenSSH\;C:\Program Files\Git\cmd;C:\Program Files\Microsoft SQL Server\Client SDK\ODBC\170\Tools\Binn\;C:\Users\User\AppData\Local\Microsoft\WindowsApps;C:\ffmpeg\bin;C:\Users\User\.dotnet\tools
USERNAME=Sinan
OS=Windows_NT
PROCESSOR_IDENTIFIER=Intel64 Family 6 Model 94 Stepping 3, GenuineIntel



---------------  S Y S T E M  ---------------

OS: Windows 10 , 64 bit Build 19041 (10.0.19041.1348)
OS uptime: 21 days 0:12 hours

CPU:total 8 (initial active 8) (4 cores per cpu, 2 threads per core) family 6 model 94 stepping 3 microcode 0xd6, cmov, cx8, fxsr, mmx, sse, sse2, sse3, ssse3, sse4.1, sse4.2, popcnt, avx, avx2, aes, clmul, erms, rtm, 3dnowpref, lzcnt, ht, tsc, tscinvbit, bmi1, bmi2, adx, fma

Memory: 4k page, system-wide physical 16273M (2122M free)
TotalPageFile size 16273M (AvailPageFile size 5M)
current process WorkingSet (physical memory assigned to process): 710M, peak: 710M
current process commit charge ("private bytes"): 769M, peak: 772M

vm_info: OpenJDK 64-Bit Server VM (11.0.10+0-b96-7249189) for windows-amd64 JRE (11.0.10+0-b96-7249189), built on Mar 31 2021 21:44:00 by "builder" with MS VC++ 14.0 (VS2015)

END.
